[2025-08-30 04:18:03,934] INFO: Deadbolt logging system initialized
[2025-08-30 04:18:03,934] INFO: Deadbolt logging system initialized
[2025-08-30 04:18:03,934] INFO: Deadbolt logging system initialized
[2025-08-30 04:18:33,181] INFO: Deadbolt logging system initialized
[2025-08-30 04:18:33,182] INFO: Deadbolt logging system initialized
[2025-08-30 04:18:33,182] INFO: Deadbolt logging system initialized
[2025-08-30 04:19:10,811] INFO: Deadbolt logging system initialized
[2025-08-30 04:19:10,811] INFO: Deadbolt logging system initialized
[2025-08-30 04:19:10,811] INFO: Deadbolt logging system initialized
[2025-08-30 05:28:25,403] INFO: Deadbolt logging system initialized
[2025-08-30 05:28:25,403] INFO: Deadbolt logging system initialized
[2025-08-30 05:28:25,403] INFO: Deadbolt logging system initialized
[2025-08-30 05:28:25,522] INFO: Deadbolt logging system initialized
[2025-08-30 05:28:25,522] INFO: Deadbolt logging system initialized
[2025-08-30 05:28:25,522] INFO: Deadbolt logging system initialized
[2025-08-30 05:28:44,137] INFO: Deadbolt logging system initialized
[2025-08-30 05:28:44,147] INFO: Deadbolt logging system initialized
[2025-08-30 05:28:44,147] INFO: Deadbolt logging system initialized
[2025-08-30 05:28:44,267] INFO: Deadbolt logging system initialized
[2025-08-30 05:28:44,267] INFO: Deadbolt logging system initialized
[2025-08-30 05:28:44,267] INFO: Deadbolt logging system initialized
[2025-08-30 05:30:15,945] INFO: Deadbolt logging system initialized
[2025-08-30 05:30:15,946] INFO: Deadbolt logging system initialized
[2025-08-30 05:30:15,946] INFO: Deadbolt logging system initialized
[2025-08-31 00:52:02,800] INFO: Deadbolt logging system initialized
[2025-08-31 00:52:02,803] INFO: Deadbolt logging system initialized
[2025-08-31 00:52:02,803] INFO: Deadbolt logging system initialized
[2025-08-31 00:52:29,838] INFO: Deadbolt logging system initialized
[2025-08-31 00:52:29,838] INFO: Deadbolt logging system initialized
[2025-08-31 00:52:29,838] INFO: Deadbolt logging system initialized
[2025-08-31 00:53:05,147] INFO: Deadbolt logging system initialized
[2025-08-31 00:53:05,148] INFO: Deadbolt logging system initialized
[2025-08-31 00:53:05,148] INFO: Deadbolt logging system initialized
[2025-08-31 00:54:13,697] INFO: Deadbolt logging system initialized
[2025-08-31 00:54:13,698] INFO: Deadbolt logging system initialized
[2025-08-31 00:54:13,698] INFO: Deadbolt logging system initialized
[2025-08-31 00:57:19,149] INFO: Deadbolt logging system initialized
[2025-08-31 00:57:19,149] INFO: Deadbolt logging system initialized
[2025-08-31 00:57:19,149] INFO: Deadbolt logging system initialized
[2025-08-31 00:57:38,303] INFO: Deadbolt logging system initialized
[2025-08-31 00:57:38,305] INFO: Deadbolt logging system initialized
[2025-08-31 00:57:38,305] INFO: Deadbolt logging system initialized
[2025-08-31 00:58:14,998] INFO: Deadbolt logging system initialized
[2025-08-31 00:58:14,999] INFO: Deadbolt logging system initialized
[2025-08-31 00:58:14,999] INFO: Deadbolt logging system initialized
[2025-08-31 01:01:05,123] INFO: Deadbolt logging system initialized
[2025-08-31 01:01:05,125] INFO: Deadbolt logging system initialized
[2025-08-31 01:01:05,125] INFO: Deadbolt logging system initialized
[2025-08-31 01:01:07,678] INFO: Deadbolt logging system initialized
[2025-08-31 01:01:07,683] INFO: Deadbolt logging system initialized
[2025-08-31 01:01:07,683] INFO: Deadbolt logging system initialized
[2025-08-31 01:34:20,325] INFO: Deadbolt logging system initialized
[2025-08-31 01:34:20,325] INFO: Deadbolt logging system initialized
[2025-08-31 01:34:20,325] INFO: Deadbolt logging system initialized
[2025-08-31 01:38:21,715] INFO: Deadbolt logging system initialized
[2025-08-31 01:38:21,716] INFO: Deadbolt logging system initialized
[2025-08-31 01:38:21,716] INFO: Deadbolt logging system initialized
[2025-08-31 01:42:58,277] INFO: Deadbolt logging system initialized
[2025-08-31 01:42:58,283] INFO: Deadbolt logging system initialized
[2025-08-31 01:42:58,283] INFO: Deadbolt logging system initialized
[2025-08-31 01:43:44,917] INFO: Deadbolt logging system initialized
[2025-08-31 01:43:44,917] INFO: Deadbolt logging system initialized
[2025-08-31 01:43:44,917] INFO: Deadbolt logging system initialized
[2025-08-31 01:44:56,874] INFO: Deadbolt logging system initialized
[2025-08-31 01:44:56,876] INFO: Deadbolt logging system initialized
[2025-08-31 01:44:56,876] INFO: Deadbolt logging system initialized
[2025-08-31 01:46:21,545] INFO: Deadbolt logging system initialized
[2025-08-31 01:46:21,547] INFO: Deadbolt logging system initialized
[2025-08-31 01:46:21,547] INFO: Deadbolt logging system initialized
[2025-08-31 01:47:38,147] INFO: Deadbolt logging system initialized
[2025-08-31 01:47:38,147] INFO: Deadbolt logging system initialized
[2025-08-31 01:47:38,147] INFO: Deadbolt logging system initialized
[2025-08-31 01:50:19,221] INFO: Deadbolt logging system initialized
[2025-08-31 01:50:19,223] INFO: Deadbolt logging system initialized
[2025-08-31 01:50:19,223] INFO: Deadbolt logging system initialized
[2025-08-31 01:50:38,912] INFO: Deadbolt logging system initialized
[2025-08-31 01:50:38,913] INFO: Deadbolt logging system initialized
[2025-08-31 01:50:38,913] INFO: Deadbolt logging system initialized
[2025-08-31 01:51:04,278] INFO: Deadbolt logging system initialized
[2025-08-31 01:51:04,279] INFO: Deadbolt logging system initialized
[2025-08-31 01:51:04,279] INFO: Deadbolt logging system initialized
[2025-08-31 01:51:50,311] INFO: Deadbolt logging system initialized
[2025-08-31 01:51:50,313] INFO: Deadbolt logging system initialized
[2025-08-31 01:51:50,313] INFO: Deadbolt logging system initialized
[2025-08-31 01:53:22,634] INFO: Deadbolt logging system initialized
[2025-08-31 01:53:22,634] INFO: Deadbolt logging system initialized
[2025-08-31 01:53:22,634] INFO: Deadbolt logging system initialized
[2025-08-31 01:54:20,874] INFO: Deadbolt logging system initialized
[2025-08-31 01:54:20,878] INFO: Deadbolt logging system initialized
[2025-08-31 01:54:20,878] INFO: Deadbolt logging system initialized
[2025-08-31 01:54:43,098] INFO: Deadbolt logging system initialized
[2025-08-31 01:54:43,103] INFO: Deadbolt logging system initialized
[2025-08-31 01:54:43,103] INFO: Deadbolt logging system initialized
[2025-08-31 01:56:02,181] INFO: Deadbolt logging system initialized
[2025-08-31 01:56:02,183] INFO: Deadbolt logging system initialized
[2025-08-31 01:56:02,183] INFO: Deadbolt logging system initialized
[2025-08-31 02:11:27,727] INFO: Deadbolt logging system initialized
[2025-08-31 02:11:27,734] INFO: Deadbolt logging system initialized
[2025-08-31 02:11:27,734] INFO: Deadbolt logging system initialized
[2025-08-31 02:11:30,065] INFO: Deadbolt logging system initialized
[2025-08-31 02:11:30,066] INFO: Deadbolt logging system initialized
[2025-08-31 02:11:30,066] INFO: Deadbolt logging system initialized
[2025-08-31 02:11:53,885] INFO: Deadbolt logging system initialized
[2025-08-31 02:11:53,887] INFO: Deadbolt logging system initialized
[2025-08-31 02:11:53,887] INFO: Deadbolt logging system initialized
[2025-08-31 02:12:28,207] INFO: Deadbolt logging system initialized
[2025-08-31 02:12:28,210] INFO: Deadbolt logging system initialized
[2025-08-31 02:12:28,210] INFO: Deadbolt logging system initialized
[2025-08-31 02:20:19,011] INFO: Deadbolt logging system initialized
[2025-08-31 02:20:19,011] INFO: Deadbolt logging system initialized
[2025-08-31 02:20:19,011] INFO: Deadbolt logging system initialized
[2025-08-31 02:20:21,255] INFO: Deadbolt logging system initialized
[2025-08-31 02:20:21,255] INFO: Deadbolt logging system initialized
[2025-08-31 02:20:21,255] INFO: Deadbolt logging system initialized
[2025-08-31 18:00:10,265] INFO: Deadbolt logging system initialized
[2025-08-31 18:00:10,272] INFO: Deadbolt logging system initialized
[2025-08-31 18:00:10,272] INFO: Deadbolt logging system initialized
[2025-08-31 18:02:04,504] INFO: Deadbolt logging system initialized
[2025-08-31 18:02:04,506] INFO: Deadbolt logging system initialized
[2025-08-31 18:02:04,506] INFO: Deadbolt logging system initialized
[2025-08-31 18:02:20,914] INFO: Deadbolt AI running, monitoring 2 locations
[2025-08-31 18:02:20,914] INFO: Deadbolt AI running, monitoring 2 locations
[2025-08-31 18:02:22,125] INFO: Deadbolt AI running, monitoring 2 locations
[2025-08-31 18:02:22,125] INFO: Deadbolt AI running, monitoring 2 locations
[2025-08-31 18:02:23,142] INFO: Deadbolt AI running, monitoring 2 locations
[2025-08-31 18:02:23,142] INFO: Deadbolt AI running, monitoring 2 locations
[2025-08-31 18:02:24,690] ERROR: Error stopping watcher: start_watcher.<locals>.<lambda>() takes 0 positional arguments but 1 was given
[2025-08-31 18:02:24,690] ERROR: Error stopping watcher: start_watcher.<locals>.<lambda>() takes 0 positional arguments but 1 was given
[2025-08-31 18:02:24,690] ERROR: Error stopping watcher: start_watcher.<locals>.<lambda>() takes 0 positional arguments but 1 was given
[2025-08-31 18:02:24,690] ERROR: Error stopping watcher: start_watcher.<locals>.<lambda>() takes 0 positional arguments but 1 was given
[2025-08-31 18:02:24,690] INFO: Deadbolt AI monitoring stopped - 0 watchers stopped
[2025-08-31 18:02:24,690] INFO: Deadbolt AI monitoring stopped - 0 watchers stopped
[2025-08-31 18:02:29,209] INFO: Deadbolt AI running, monitoring 2 locations
[2025-08-31 18:02:29,209] INFO: Deadbolt AI running, monitoring 2 locations
[2025-08-31 18:03:16,377] INFO: Deadbolt AI running, monitoring 2 locations
[2025-08-31 18:03:16,377] INFO: Deadbolt AI running, monitoring 2 locations
[2025-08-31 18:03:19,862] ERROR: Error stopping watcher: start_watcher.<locals>.<lambda>() takes 0 positional arguments but 1 was given
[2025-08-31 18:03:19,862] ERROR: Error stopping watcher: start_watcher.<locals>.<lambda>() takes 0 positional arguments but 1 was given
[2025-08-31 18:03:19,862] ERROR: Error stopping watcher: start_watcher.<locals>.<lambda>() takes 0 positional arguments but 1 was given
[2025-08-31 18:03:19,862] ERROR: Error stopping watcher: start_watcher.<locals>.<lambda>() takes 0 positional arguments but 1 was given
[2025-08-31 18:03:19,862] INFO: Deadbolt AI monitoring stopped - 0 watchers stopped
[2025-08-31 18:03:19,862] INFO: Deadbolt AI monitoring stopped - 0 watchers stopped
[2025-08-31 18:03:22,683] INFO: Deadbolt AI running, monitoring 2 locations
[2025-08-31 18:03:22,683] INFO: Deadbolt AI running, monitoring 2 locations
[2025-08-31 18:03:47,379] INFO: Deadbolt AI running, monitoring 2 locations
[2025-08-31 18:03:47,379] INFO: Deadbolt AI running, monitoring 2 locations
[2025-08-31 18:03:48,301] INFO: Deadbolt AI running, monitoring 2 locations
[2025-08-31 18:03:48,301] INFO: Deadbolt AI running, monitoring 2 locations
[2025-08-31 18:03:49,291] INFO: Deadbolt AI running, monitoring 2 locations
[2025-08-31 18:03:49,291] INFO: Deadbolt AI running, monitoring 2 locations
[2025-08-31 18:03:49,909] INFO: Deadbolt AI running, monitoring 2 locations
[2025-08-31 18:03:49,909] INFO: Deadbolt AI running, monitoring 2 locations
[2025-08-31 18:03:50,431] INFO: Deadbolt AI running, monitoring 2 locations
[2025-08-31 18:03:50,431] INFO: Deadbolt AI running, monitoring 2 locations
[2025-08-31 18:03:50,888] INFO: Deadbolt AI running, monitoring 2 locations
[2025-08-31 18:03:50,888] INFO: Deadbolt AI running, monitoring 2 locations
[2025-08-31 18:03:51,130] INFO: Deadbolt AI running, monitoring 2 locations
[2025-08-31 18:03:51,130] INFO: Deadbolt AI running, monitoring 2 locations
[2025-08-31 18:03:51,310] INFO: Deadbolt AI running, monitoring 2 locations
[2025-08-31 18:03:51,310] INFO: Deadbolt AI running, monitoring 2 locations
[2025-08-31 18:04:07,633] INFO: Deadbolt logging system initialized
[2025-08-31 18:04:07,633] INFO: Deadbolt logging system initialized
[2025-08-31 18:04:07,633] INFO: Deadbolt logging system initialized
[2025-08-31 18:04:14,227] INFO: Deadbolt AI running, monitoring 2 locations
[2025-08-31 18:04:14,227] INFO: Deadbolt AI running, monitoring 2 locations
[2025-08-31 18:04:18,353] ERROR: Error stopping watcher: start_watcher.<locals>.<lambda>() takes 0 positional arguments but 1 was given
[2025-08-31 18:04:18,353] ERROR: Error stopping watcher: start_watcher.<locals>.<lambda>() takes 0 positional arguments but 1 was given
[2025-08-31 18:04:18,356] ERROR: Error stopping watcher: start_watcher.<locals>.<lambda>() takes 0 positional arguments but 1 was given
[2025-08-31 18:04:18,356] ERROR: Error stopping watcher: start_watcher.<locals>.<lambda>() takes 0 positional arguments but 1 was given
[2025-08-31 18:04:18,356] INFO: Deadbolt AI monitoring stopped - 0 watchers stopped
[2025-08-31 18:04:18,356] INFO: Deadbolt AI monitoring stopped - 0 watchers stopped
[2025-08-31 18:04:20,425] INFO: Deadbolt AI running, monitoring 2 locations
[2025-08-31 18:04:20,425] INFO: Deadbolt AI running, monitoring 2 locations
[2025-08-31 18:04:26,784] ERROR: Error stopping watcher: start_watcher.<locals>.<lambda>() takes 0 positional arguments but 1 was given
[2025-08-31 18:04:26,784] ERROR: Error stopping watcher: start_watcher.<locals>.<lambda>() takes 0 positional arguments but 1 was given
[2025-08-31 18:04:26,785] ERROR: Error stopping watcher: start_watcher.<locals>.<lambda>() takes 0 positional arguments but 1 was given
[2025-08-31 18:04:26,785] ERROR: Error stopping watcher: start_watcher.<locals>.<lambda>() takes 0 positional arguments but 1 was given
[2025-08-31 18:04:26,786] INFO: Deadbolt AI monitoring stopped - 0 watchers stopped
[2025-08-31 18:04:26,786] INFO: Deadbolt AI monitoring stopped - 0 watchers stopped
[2025-08-31 18:04:43,533] INFO: Deadbolt AI running, monitoring 2 locations
[2025-08-31 18:04:43,533] INFO: Deadbolt AI running, monitoring 2 locations
[2025-08-31 18:04:45,043] ERROR: Error stopping watcher: start_watcher.<locals>.<lambda>() takes 0 positional arguments but 1 was given
[2025-08-31 18:04:45,043] ERROR: Error stopping watcher: start_watcher.<locals>.<lambda>() takes 0 positional arguments but 1 was given
[2025-08-31 18:04:45,045] ERROR: Error stopping watcher: start_watcher.<locals>.<lambda>() takes 0 positional arguments but 1 was given
[2025-08-31 18:04:45,045] ERROR: Error stopping watcher: start_watcher.<locals>.<lambda>() takes 0 positional arguments but 1 was given
[2025-08-31 18:04:45,045] INFO: Deadbolt AI monitoring stopped - 0 watchers stopped
[2025-08-31 18:04:45,045] INFO: Deadbolt AI monitoring stopped - 0 watchers stopped
[2025-08-31 18:13:28,216] INFO: Deadbolt logging system initialized
[2025-08-31 18:13:28,216] INFO: Deadbolt logging system initialized
[2025-08-31 18:13:28,216] INFO: Deadbolt logging system initialized
[2025-08-31 18:13:35,267] INFO: Theme switched to dark mode
[2025-08-31 18:13:35,267] INFO: Theme switched to dark mode
[2025-08-31 18:13:42,772] INFO: Deadbolt AI running, monitoring 2 locations
[2025-08-31 18:13:42,772] INFO: Deadbolt AI running, monitoring 2 locations
[2025-08-31 18:13:45,138] INFO: Theme switched to light mode
[2025-08-31 18:13:45,138] INFO: Theme switched to light mode
[2025-08-31 18:13:47,099] INFO: Deadbolt AI running, monitoring 2 locations
[2025-08-31 18:13:47,099] INFO: Deadbolt AI running, monitoring 2 locations
[2025-08-31 18:13:47,759] INFO: Deadbolt AI running, monitoring 2 locations
[2025-08-31 18:13:47,759] INFO: Deadbolt AI running, monitoring 2 locations
[2025-08-31 18:13:48,347] INFO: Deadbolt AI running, monitoring 2 locations
[2025-08-31 18:13:48,347] INFO: Deadbolt AI running, monitoring 2 locations
[2025-08-31 18:13:48,843] INFO: Deadbolt AI running, monitoring 2 locations
[2025-08-31 18:13:48,843] INFO: Deadbolt AI running, monitoring 2 locations
[2025-08-31 18:13:49,447] INFO: Deadbolt AI running, monitoring 2 locations
[2025-08-31 18:13:49,447] INFO: Deadbolt AI running, monitoring 2 locations
[2025-08-31 18:13:50,337] INFO: Deadbolt AI running, monitoring 2 locations
[2025-08-31 18:13:50,337] INFO: Deadbolt AI running, monitoring 2 locations
[2025-08-31 18:13:54,643] ERROR: Error stopping watcher: start_watcher.<locals>.<lambda>() takes 0 positional arguments but 1 was given
[2025-08-31 18:13:54,643] ERROR: Error stopping watcher: start_watcher.<locals>.<lambda>() takes 0 positional arguments but 1 was given
[2025-08-31 18:13:54,645] ERROR: Error stopping watcher: start_watcher.<locals>.<lambda>() takes 0 positional arguments but 1 was given
[2025-08-31 18:13:54,645] ERROR: Error stopping watcher: start_watcher.<locals>.<lambda>() takes 0 positional arguments but 1 was given
[2025-08-31 18:13:54,647] INFO: Deadbolt AI monitoring stopped - 0 watchers stopped
[2025-08-31 18:13:54,647] INFO: Deadbolt AI monitoring stopped - 0 watchers stopped
[2025-08-31 18:13:55,790] INFO: Deadbolt AI running, monitoring 2 locations
[2025-08-31 18:13:55,790] INFO: Deadbolt AI running, monitoring 2 locations
[2025-08-31 18:13:56,146] INFO: Deadbolt AI running, monitoring 2 locations
[2025-08-31 18:13:56,146] INFO: Deadbolt AI running, monitoring 2 locations
[2025-08-31 18:14:06,111] INFO: Theme switched to dark mode
[2025-08-31 18:14:06,111] INFO: Theme switched to dark mode
[2025-08-31 18:14:17,000] INFO: Theme switched to light mode
[2025-08-31 18:14:17,000] INFO: Theme switched to light mode
[2025-08-31 18:19:19,077] INFO: Deadbolt logging system initialized
[2025-08-31 18:19:19,077] INFO: Deadbolt logging system initialized
[2025-08-31 18:19:19,077] INFO: Deadbolt logging system initialized
[2025-08-31 18:19:19,739] INFO: Deadbolt logging system initialized
[2025-08-31 18:19:19,739] INFO: Deadbolt logging system initialized
[2025-08-31 18:19:19,739] INFO: Deadbolt logging system initialized
[2025-08-31 18:20:09,710] INFO: Deadbolt logging system initialized
[2025-08-31 18:20:09,710] INFO: Deadbolt logging system initialized
[2025-08-31 18:20:09,710] INFO: Deadbolt logging system initialized
[2025-08-31 18:20:16,921] INFO: Theme switched to dark mode
[2025-08-31 18:20:16,921] INFO: Theme switched to dark mode
[2025-08-31 18:20:19,311] INFO: Theme switched to light mode
[2025-08-31 18:20:19,311] INFO: Theme switched to light mode
[2025-08-31 18:20:20,808] INFO: Deadbolt AI running, monitoring 2 locations
[2025-08-31 18:20:20,808] INFO: Deadbolt AI running, monitoring 2 locations
[2025-08-31 18:22:23,163] INFO: Deadbolt logging system initialized
[2025-08-31 18:22:23,170] INFO: Deadbolt logging system initialized
[2025-08-31 18:22:23,170] INFO: Deadbolt logging system initialized
[2025-08-31 18:22:30,098] INFO: Deadbolt logging system initialized
[2025-08-31 18:22:30,098] INFO: Deadbolt logging system initialized
[2025-08-31 18:22:30,098] INFO: Deadbolt logging system initialized
[2025-08-31 18:23:39,636] INFO: Deadbolt logging system initialized
[2025-08-31 18:23:39,636] INFO: Deadbolt logging system initialized
[2025-08-31 18:23:39,636] INFO: Deadbolt logging system initialized
[2025-08-31 18:23:41,925] INFO: Deadbolt logging system initialized
[2025-08-31 18:23:41,925] INFO: Deadbolt logging system initialized
[2025-08-31 18:23:41,925] INFO: Deadbolt logging system initialized
[2025-08-31 18:24:00,049] INFO: Deadbolt logging system initialized
[2025-08-31 18:24:00,049] INFO: Deadbolt logging system initialized
[2025-08-31 18:24:00,049] INFO: Deadbolt logging system initialized
[2025-08-31 18:31:34,559] INFO: Deadbolt logging system initialized
[2025-08-31 18:31:34,561] INFO: Deadbolt logging system initialized
[2025-08-31 18:31:34,561] INFO: Deadbolt logging system initialized
[2025-08-31 18:31:35,023] INFO: Alert system initialized with methods: win10toast, plyer, winapi
[2025-08-31 18:31:35,023] INFO: Alert system initialized with methods: win10toast, plyer, winapi
[2025-08-31 18:31:35,030] INFO: Alert system initialized with methods: win10toast, plyer, winapi
[2025-08-31 18:31:35,030] INFO: Alert system initialized with methods: win10toast, plyer, winapi
[2025-08-31 18:31:35,034] WARNING: [ALERT-MEDIUM] Test Alert - This is a basic test notification to verify the alert system.
[2025-08-31 18:31:35,034] WARNING: [ALERT-MEDIUM] Test Alert - This is a basic test notification to verify the alert system.
[2025-08-31 18:31:35,034] CRITICAL: [ALERT] Test Alert - This is a basic test notification to verify the alert system. (Severity: MEDIUM)
[2025-08-31 18:31:35,034] CRITICAL: [ALERT] Test Alert - This is a basic test notification to verify the alert system. (Severity: MEDIUM)
[2025-08-31 18:31:35,035] INFO: Desktop notification sent via win10toast
[2025-08-31 18:31:35,035] INFO: Desktop notification sent via win10toast
[2025-08-31 18:31:38,036] CRITICAL: [ALERT-HIGH] High Priority Test - This is a high priority test alert with forced notification.
[2025-08-31 18:31:38,036] CRITICAL: [ALERT-HIGH] High Priority Test - This is a high priority test alert with forced notification.
[2025-08-31 18:31:38,038] CRITICAL: [ALERT] High Priority Test - This is a high priority test alert with forced notification. (Severity: HIGH)
[2025-08-31 18:31:38,038] CRITICAL: [ALERT] High Priority Test - This is a high priority test alert with forced notification. (Severity: HIGH)
[2025-08-31 18:31:38,038] INFO: Desktop notification sent via win10toast
[2025-08-31 18:31:38,038] INFO: Desktop notification sent via win10toast
[2025-08-31 18:31:41,944] CRITICAL: [ALERT-HIGH] RANSOMWARE DETECTED - Threat: mass_encryption
Files affected: 25
Threat neutralized!
[2025-08-31 18:31:41,944] CRITICAL: [ALERT-HIGH] RANSOMWARE DETECTED - Threat: mass_encryption
Files affected: 25
Threat neutralized!
[2025-08-31 18:31:41,946] CRITICAL: [ALERT] RANSOMWARE DETECTED - Threat: mass_encryption
Files affected: 25
Threat neutralized! (Severity: HIGH)
[2025-08-31 18:31:41,946] CRITICAL: [ALERT] RANSOMWARE DETECTED - Threat: mass_encryption
Files affected: 25
Threat neutralized! (Severity: HIGH)
[2025-08-31 18:31:41,946] INFO: Desktop notification sent via win10toast
[2025-08-31 18:31:41,946] INFO: Desktop notification sent via win10toast
[2025-08-31 18:31:45,867] INFO: Testing notification capabilities...
[2025-08-31 18:31:45,867] INFO: Testing notification capabilities...
[2025-08-31 18:31:45,867] WARNING: [ALERT-MEDIUM] Test Alert - This is a test notification to verify the alert system is working properly.
[2025-08-31 18:31:45,867] WARNING: [ALERT-MEDIUM] Test Alert - This is a test notification to verify the alert system is working properly.
[2025-08-31 18:31:45,868] CRITICAL: [ALERT] Test Alert - This is a test notification to verify the alert system is working properly. (Severity: MEDIUM)
[2025-08-31 18:31:45,868] CRITICAL: [ALERT] Test Alert - This is a test notification to verify the alert system is working properly. (Severity: MEDIUM)
[2025-08-31 18:31:45,869] INFO: Desktop notification sent via win10toast
[2025-08-31 18:31:45,869] INFO: Desktop notification sent via win10toast
[2025-08-31 18:32:24,854] INFO: Deadbolt logging system initialized
[2025-08-31 18:32:24,854] INFO: Deadbolt logging system initialized
[2025-08-31 18:32:24,854] INFO: Deadbolt logging system initialized
[2025-08-31 18:32:25,475] INFO: Alert system initialized with methods: win10toast, plyer, winapi
[2025-08-31 18:32:25,475] INFO: Alert system initialized with methods: win10toast, plyer, winapi
[2025-08-31 18:32:25,478] INFO: Alert system initialized with methods: win10toast, plyer, winapi
[2025-08-31 18:32:25,478] INFO: Alert system initialized with methods: win10toast, plyer, winapi
[2025-08-31 18:32:26,613] CRITICAL: [ALERT-HIGH] RANSOMWARE DETECTED - Threat: mass_modification
Files affected: 25
Threat neutralized!
[2025-08-31 18:32:26,613] CRITICAL: [ALERT-HIGH] RANSOMWARE DETECTED - Threat: mass_modification
Files affected: 25
Threat neutralized!
[2025-08-31 18:32:26,614] CRITICAL: [ALERT] RANSOMWARE DETECTED - Threat: mass_modification
Files affected: 25
Threat neutralized! (Severity: HIGH)
[2025-08-31 18:32:26,614] CRITICAL: [ALERT] RANSOMWARE DETECTED - Threat: mass_modification
Files affected: 25
Threat neutralized! (Severity: HIGH)
[2025-08-31 18:32:26,618] INFO: Desktop notification sent via win10toast
[2025-08-31 18:32:26,618] INFO: Desktop notification sent via win10toast
[2025-08-31 18:32:28,496] CRITICAL: [ALERT-HIGH] CRITICAL THREAT RESPONSE ACTIVATED - Threat Type: mass_modification
Targeting 2 processes
Response in progress...
[2025-08-31 18:32:28,496] CRITICAL: [ALERT-HIGH] CRITICAL THREAT RESPONSE ACTIVATED - Threat Type: mass_modification
Targeting 2 processes
Response in progress...
[2025-08-31 18:32:28,498] CRITICAL: [ALERT] CRITICAL THREAT RESPONSE ACTIVATED - Threat Type: mass_modification
Targeting 2 processes
Response in progress... (Severity: HIGH)
[2025-08-31 18:32:28,498] CRITICAL: [ALERT] CRITICAL THREAT RESPONSE ACTIVATED - Threat Type: mass_modification
Targeting 2 processes
Response in progress... (Severity: HIGH)
[2025-08-31 18:32:28,500] INFO: Desktop notification sent via win10toast
[2025-08-31 18:32:28,500] INFO: Desktop notification sent via win10toast
[2025-08-31 18:32:29,962] WARNING: [ALERT-MEDIUM] Threat Neutralized Successfully - All suspicious processes terminated
Threat Type: mass_modification
System secured
[2025-08-31 18:32:29,962] WARNING: [ALERT-MEDIUM] Threat Neutralized Successfully - All suspicious processes terminated
Threat Type: mass_modification
System secured
[2025-08-31 18:32:29,962] CRITICAL: [ALERT] Threat Neutralized Successfully - All suspicious processes terminated
Threat Type: mass_modification
System secured (Severity: MEDIUM)
[2025-08-31 18:32:29,962] CRITICAL: [ALERT] Threat Neutralized Successfully - All suspicious processes terminated
Threat Type: mass_modification
System secured (Severity: MEDIUM)
[2025-08-31 18:32:29,962] INFO: Desktop notification sent via win10toast
[2025-08-31 18:32:29,962] INFO: Desktop notification sent via win10toast
[2025-08-31 18:32:31,965] CRITICAL: [ALERT-HIGH] RANSOMWARE DETECTED - Threat: simulated_ransomware
Files affected: 25
Threat neutralized!
[2025-08-31 18:32:31,965] CRITICAL: [ALERT-HIGH] RANSOMWARE DETECTED - Threat: simulated_ransomware
Files affected: 25
Threat neutralized!
[2025-08-31 18:32:31,967] CRITICAL: [ALERT] RANSOMWARE DETECTED - Threat: simulated_ransomware
Files affected: 25
Threat neutralized! (Severity: HIGH)
[2025-08-31 18:32:31,967] CRITICAL: [ALERT] RANSOMWARE DETECTED - Threat: simulated_ransomware
Files affected: 25
Threat neutralized! (Severity: HIGH)
[2025-08-31 18:32:31,968] INFO: Desktop notification sent via win10toast
[2025-08-31 18:32:31,968] INFO: Desktop notification sent via win10toast
[2025-08-31 18:32:34,883] CRITICAL: [ALERT-HIGH] System Protected - All malicious processes have been terminated.\nYour files are safe.
[2025-08-31 18:32:34,883] CRITICAL: [ALERT-HIGH] System Protected - All malicious processes have been terminated.\nYour files are safe.
[2025-08-31 18:32:34,885] CRITICAL: [ALERT] System Protected - All malicious processes have been terminated.\nYour files are safe. (Severity: HIGH)
[2025-08-31 18:32:34,885] CRITICAL: [ALERT] System Protected - All malicious processes have been terminated.\nYour files are safe. (Severity: HIGH)
[2025-08-31 18:32:34,886] INFO: Desktop notification sent via win10toast
[2025-08-31 18:32:34,886] INFO: Desktop notification sent via win10toast
[2025-08-31 18:32:35,812] CRITICAL: [ALERT-HIGH] CRITICAL THREAT RESPONSE ACTIVATED - Threat Type: mass_encryption
Targeting 2 processes
Response in progress...
[2025-08-31 18:32:35,812] CRITICAL: [ALERT-HIGH] CRITICAL THREAT RESPONSE ACTIVATED - Threat Type: mass_encryption
Targeting 2 processes
Response in progress...
[2025-08-31 18:32:35,814] CRITICAL: [ALERT] CRITICAL THREAT RESPONSE ACTIVATED - Threat Type: mass_encryption
Targeting 2 processes
Response in progress... (Severity: HIGH)
[2025-08-31 18:32:35,814] CRITICAL: [ALERT] CRITICAL THREAT RESPONSE ACTIVATED - Threat Type: mass_encryption
Targeting 2 processes
Response in progress... (Severity: HIGH)
[2025-08-31 18:32:35,820] INFO: Desktop notification sent via win10toast
[2025-08-31 18:32:35,820] INFO: Desktop notification sent via win10toast
[2025-08-31 18:32:37,031] WARNING: [ALERT-MEDIUM] Threat Neutralized Successfully - All suspicious processes terminated
Threat Type: mass_encryption
System secured
[2025-08-31 18:32:37,031] WARNING: [ALERT-MEDIUM] Threat Neutralized Successfully - All suspicious processes terminated
Threat Type: mass_encryption
System secured
[2025-08-31 18:32:37,031] CRITICAL: [ALERT] Threat Neutralized Successfully - All suspicious processes terminated
Threat Type: mass_encryption
System secured (Severity: MEDIUM)
[2025-08-31 18:32:37,031] CRITICAL: [ALERT] Threat Neutralized Successfully - All suspicious processes terminated
Threat Type: mass_encryption
System secured (Severity: MEDIUM)
[2025-08-31 18:32:37,033] INFO: Desktop notification sent via win10toast
[2025-08-31 18:32:37,033] INFO: Desktop notification sent via win10toast
[2025-08-31 18:34:09,898] INFO: Deadbolt logging system initialized
[2025-08-31 18:34:09,900] INFO: Deadbolt logging system initialized
[2025-08-31 18:34:09,900] INFO: Deadbolt logging system initialized
[2025-08-31 18:34:09,915] INFO: Alert system initialized with methods: win10toast, plyer, winapi
[2025-08-31 18:34:09,915] INFO: Alert system initialized with methods: win10toast, plyer, winapi
[2025-08-31 18:34:09,930] INFO: Alert system initialized with methods: win10toast, plyer, winapi
[2025-08-31 18:34:09,930] INFO: Alert system initialized with methods: win10toast, plyer, winapi
[2025-08-31 18:34:12,218] INFO: Deadbolt logging system initialized
[2025-08-31 18:34:12,228] INFO: Deadbolt logging system initialized
[2025-08-31 18:34:12,228] INFO: Deadbolt logging system initialized
[2025-08-31 18:34:12,238] INFO: Alert system initialized with methods: win10toast, plyer, winapi
[2025-08-31 18:34:12,238] INFO: Alert system initialized with methods: win10toast, plyer, winapi
[2025-08-31 18:34:12,251] INFO: Alert system initialized with methods: win10toast, plyer, winapi
[2025-08-31 18:34:12,251] INFO: Alert system initialized with methods: win10toast, plyer, winapi
[2025-08-31 18:34:34,128] CRITICAL: [ALERT-HIGH] RANSOMWARE DETECTED - Threat: mass_modification
Files affected: 4
Threat neutralized!
[2025-08-31 18:34:34,128] CRITICAL: [ALERT-HIGH] RANSOMWARE DETECTED - Threat: mass_modification
Files affected: 4
Threat neutralized!
[2025-08-31 18:34:34,130] CRITICAL: [ALERT] RANSOMWARE DETECTED - Threat: mass_modification
Files affected: 4
Threat neutralized! (Severity: HIGH)
[2025-08-31 18:34:34,130] CRITICAL: [ALERT] RANSOMWARE DETECTED - Threat: mass_modification
Files affected: 4
Threat neutralized! (Severity: HIGH)
[2025-08-31 18:34:34,132] INFO: Desktop notification sent via win10toast
[2025-08-31 18:34:34,132] INFO: Desktop notification sent via win10toast
[2025-08-31 18:34:35,964] CRITICAL: [ALERT-HIGH] CRITICAL THREAT RESPONSE ACTIVATED - Threat Type: mass_modification
Targeting 9 processes
Response in progress...
[2025-08-31 18:34:35,964] CRITICAL: [ALERT-HIGH] CRITICAL THREAT RESPONSE ACTIVATED - Threat Type: mass_modification
Targeting 9 processes
Response in progress...
[2025-08-31 18:34:35,964] CRITICAL: [ALERT] CRITICAL THREAT RESPONSE ACTIVATED - Threat Type: mass_modification
Targeting 9 processes
Response in progress... (Severity: HIGH)
[2025-08-31 18:34:35,964] CRITICAL: [ALERT] CRITICAL THREAT RESPONSE ACTIVATED - Threat Type: mass_modification
Targeting 9 processes
Response in progress... (Severity: HIGH)
[2025-08-31 18:34:35,964] INFO: Desktop notification sent via win10toast
[2025-08-31 18:34:35,964] INFO: Desktop notification sent via win10toast
[2025-08-31 18:34:37,665] INFO: Deadbolt logging system initialized
[2025-08-31 18:34:37,666] INFO: Deadbolt logging system initialized
[2025-08-31 18:34:37,666] INFO: Deadbolt logging system initialized
[2025-08-31 18:34:38,182] INFO: Alert system initialized with methods: win10toast, plyer, winapi
[2025-08-31 18:34:38,182] INFO: Alert system initialized with methods: win10toast, plyer, winapi
[2025-08-31 18:34:38,193] INFO: Deadbolt logging system initialized
[2025-08-31 18:34:38,193] INFO: Deadbolt logging system initialized
[2025-08-31 18:34:38,193] INFO: Deadbolt logging system initialized
[2025-08-31 18:34:38,195] INFO: Alert system initialized with methods: win10toast, plyer, winapi
[2025-08-31 18:34:38,195] INFO: Alert system initialized with methods: win10toast, plyer, winapi
[2025-08-31 18:34:38,195] INFO: Alert system initialized with methods: win10toast, plyer, winapi
[2025-08-31 18:34:38,200] INFO: Alert system initialized with methods: win10toast, plyer, winapi
[2025-08-31 18:34:38,200] INFO: Alert system initialized with methods: win10toast, plyer, winapi
[2025-08-31 18:34:38,200] INFO: Alert system initialized with methods: win10toast, plyer, winapi
[2025-08-31 18:35:53,610] INFO: Deadbolt logging system initialized
[2025-08-31 18:35:53,614] INFO: Deadbolt logging system initialized
[2025-08-31 18:35:53,614] INFO: Deadbolt logging system initialized
[2025-08-31 18:35:53,628] INFO: Alert system initialized with methods: win10toast, plyer, winapi
[2025-08-31 18:35:53,628] INFO: Alert system initialized with methods: win10toast, plyer, winapi
[2025-08-31 18:35:53,636] INFO: Alert system initialized with methods: win10toast, plyer, winapi
[2025-08-31 18:35:53,636] INFO: Alert system initialized with methods: win10toast, plyer, winapi
[2025-08-31 18:35:56,000] INFO: Deadbolt logging system initialized
[2025-08-31 18:35:56,000] INFO: Deadbolt logging system initialized
[2025-08-31 18:35:56,000] INFO: Deadbolt logging system initialized
[2025-08-31 18:35:56,019] INFO: Alert system initialized with methods: win10toast, plyer, winapi
[2025-08-31 18:35:56,019] INFO: Alert system initialized with methods: win10toast, plyer, winapi
[2025-08-31 18:35:56,023] INFO: Alert system initialized with methods: win10toast, plyer, winapi
[2025-08-31 18:35:56,023] INFO: Alert system initialized with methods: win10toast, plyer, winapi
[2025-08-31 18:36:07,841] CRITICAL: [ALERT-HIGH] RANSOMWARE DETECTED - Threat: mass_modification
Files affected: 4
Threat neutralized!
[2025-08-31 18:36:07,841] CRITICAL: [ALERT-HIGH] RANSOMWARE DETECTED - Threat: mass_modification
Files affected: 4
Threat neutralized!
[2025-08-31 18:36:07,846] CRITICAL: [ALERT] RANSOMWARE DETECTED - Threat: mass_modification
Files affected: 4
Threat neutralized! (Severity: HIGH)
[2025-08-31 18:36:07,846] CRITICAL: [ALERT] RANSOMWARE DETECTED - Threat: mass_modification
Files affected: 4
Threat neutralized! (Severity: HIGH)
[2025-08-31 18:36:07,852] INFO: Desktop notification sent via win10toast
[2025-08-31 18:36:07,852] INFO: Desktop notification sent via win10toast
[2025-08-31 18:36:09,735] CRITICAL: [ALERT-HIGH] CRITICAL THREAT RESPONSE ACTIVATED - Threat Type: mass_modification
Targeting 8 processes
Response in progress...
[2025-08-31 18:36:09,735] CRITICAL: [ALERT-HIGH] CRITICAL THREAT RESPONSE ACTIVATED - Threat Type: mass_modification
Targeting 8 processes
Response in progress...
[2025-08-31 18:36:09,738] CRITICAL: [ALERT] CRITICAL THREAT RESPONSE ACTIVATED - Threat Type: mass_modification
Targeting 8 processes
Response in progress... (Severity: HIGH)
[2025-08-31 18:36:09,738] CRITICAL: [ALERT] CRITICAL THREAT RESPONSE ACTIVATED - Threat Type: mass_modification
Targeting 8 processes
Response in progress... (Severity: HIGH)
[2025-08-31 18:36:09,738] INFO: Desktop notification sent via win10toast
[2025-08-31 18:36:09,738] INFO: Desktop notification sent via win10toast
[2025-08-31 18:36:10,888] WARNING: [ALERT-MEDIUM] Threat Neutralized Successfully - All suspicious processes terminated
Threat Type: mass_modification
System secured
[2025-08-31 18:36:10,888] WARNING: [ALERT-MEDIUM] Threat Neutralized Successfully - All suspicious processes terminated
Threat Type: mass_modification
System secured
[2025-08-31 18:36:10,888] CRITICAL: [ALERT] Threat Neutralized Successfully - All suspicious processes terminated
Threat Type: mass_modification
System secured (Severity: MEDIUM)
[2025-08-31 18:36:10,888] CRITICAL: [ALERT] Threat Neutralized Successfully - All suspicious processes terminated
Threat Type: mass_modification
System secured (Severity: MEDIUM)
[2025-08-31 18:36:10,888] INFO: Desktop notification sent via win10toast
[2025-08-31 18:36:10,888] INFO: Desktop notification sent via win10toast
[2025-08-31 18:51:30,351] INFO: Deadbolt logging system initialized
[2025-08-31 18:51:30,357] INFO: Deadbolt logging system initialized
[2025-08-31 18:51:30,357] INFO: Deadbolt logging system initialized
[2025-08-31 18:51:30,388] INFO: Alert system initialized with methods: win10toast, plyer, winapi
[2025-08-31 18:51:30,388] INFO: Alert system initialized with methods: win10toast, plyer, winapi
[2025-08-31 18:51:30,399] INFO: Alert system initialized with methods: win10toast, plyer, winapi
[2025-08-31 18:51:30,399] INFO: Alert system initialized with methods: win10toast, plyer, winapi
[2025-08-31 18:54:07,298] INFO: Deadbolt logging system initialized
[2025-08-31 18:54:07,298] INFO: Deadbolt logging system initialized
[2025-08-31 18:54:07,298] INFO: Deadbolt logging system initialized
[2025-08-31 18:54:07,313] INFO: Alert system initialized with methods: win10toast, plyer, winapi
[2025-08-31 18:54:07,313] INFO: Alert system initialized with methods: win10toast, plyer, winapi
[2025-08-31 18:54:07,328] INFO: Alert system initialized with methods: win10toast, plyer, winapi
[2025-08-31 18:54:07,328] INFO: Alert system initialized with methods: win10toast, plyer, winapi
[2025-08-31 18:54:12,217] INFO: Deadbolt AI running, monitoring 2 locations
[2025-08-31 18:54:12,217] INFO: Deadbolt AI running, monitoring 2 locations
[2025-08-31 18:54:25,197] INFO: Theme switched to dark mode
[2025-08-31 18:54:25,197] INFO: Theme switched to dark mode
[2025-08-31 18:55:00,448] INFO: Theme switched to light mode
[2025-08-31 18:55:00,448] INFO: Theme switched to light mode
[2025-08-31 18:55:02,776] INFO: Theme switched to dark mode
[2025-08-31 18:55:02,776] INFO: Theme switched to dark mode
[2025-08-31 18:56:14,724] CRITICAL: [ALERT-HIGH] RANSOMWARE DETECTED - Threat: mass_modification
Files affected: 4
Threat neutralized!
[2025-08-31 18:56:14,724] CRITICAL: [ALERT-HIGH] RANSOMWARE DETECTED - Threat: mass_modification
Files affected: 4
Threat neutralized!
[2025-08-31 18:56:14,726] CRITICAL: [ALERT] RANSOMWARE DETECTED - Threat: mass_modification
Files affected: 4
Threat neutralized! (Severity: HIGH)
[2025-08-31 18:56:14,726] CRITICAL: [ALERT] RANSOMWARE DETECTED - Threat: mass_modification
Files affected: 4
Threat neutralized! (Severity: HIGH)
[2025-08-31 18:56:14,728] INFO: Desktop notification sent via win10toast
[2025-08-31 18:56:14,728] INFO: Desktop notification sent via win10toast
[2025-08-31 18:56:16,616] CRITICAL: [ALERT-HIGH] CRITICAL THREAT RESPONSE ACTIVATED - Threat Type: mass_modification
Targeting 8 processes
Response in progress...
[2025-08-31 18:56:16,616] CRITICAL: [ALERT-HIGH] CRITICAL THREAT RESPONSE ACTIVATED - Threat Type: mass_modification
Targeting 8 processes
Response in progress...
[2025-08-31 18:56:16,616] CRITICAL: [ALERT] CRITICAL THREAT RESPONSE ACTIVATED - Threat Type: mass_modification
Targeting 8 processes
Response in progress... (Severity: HIGH)
[2025-08-31 18:56:16,616] CRITICAL: [ALERT] CRITICAL THREAT RESPONSE ACTIVATED - Threat Type: mass_modification
Targeting 8 processes
Response in progress... (Severity: HIGH)
[2025-08-31 18:56:16,620] INFO: Desktop notification sent via win10toast
[2025-08-31 18:56:16,620] INFO: Desktop notification sent via win10toast
[2025-08-31 18:57:03,279] INFO: Deadbolt logging system initialized
[2025-08-31 18:57:03,279] INFO: Deadbolt logging system initialized
[2025-08-31 18:57:03,279] INFO: Deadbolt logging system initialized
[2025-08-31 18:57:03,297] INFO: Alert system initialized with methods: win10toast, plyer, winapi
[2025-08-31 18:57:03,297] INFO: Alert system initialized with methods: win10toast, plyer, winapi
[2025-08-31 18:57:03,300] INFO: Alert system initialized with methods: win10toast, plyer, winapi
[2025-08-31 18:57:03,300] INFO: Alert system initialized with methods: win10toast, plyer, winapi
[2025-08-31 18:57:05,601] INFO: Deadbolt logging system initialized
[2025-08-31 18:57:05,601] INFO: Deadbolt logging system initialized
[2025-08-31 18:57:05,601] INFO: Deadbolt logging system initialized
[2025-08-31 18:57:05,621] INFO: Alert system initialized with methods: win10toast, plyer, winapi
[2025-08-31 18:57:05,621] INFO: Alert system initialized with methods: win10toast, plyer, winapi
[2025-08-31 18:57:05,625] INFO: Alert system initialized with methods: win10toast, plyer, winapi
[2025-08-31 18:57:05,625] INFO: Alert system initialized with methods: win10toast, plyer, winapi
[2025-08-31 18:57:24,610] CRITICAL: [ALERT-HIGH] RANSOMWARE DETECTED - Threat: mass_modification
Files affected: 4
Threat neutralized!
[2025-08-31 18:57:24,610] CRITICAL: [ALERT-HIGH] RANSOMWARE DETECTED - Threat: mass_modification
Files affected: 4
Threat neutralized!
[2025-08-31 18:57:24,611] CRITICAL: [ALERT] RANSOMWARE DETECTED - Threat: mass_modification
Files affected: 4
Threat neutralized! (Severity: HIGH)
[2025-08-31 18:57:24,611] CRITICAL: [ALERT] RANSOMWARE DETECTED - Threat: mass_modification
Files affected: 4
Threat neutralized! (Severity: HIGH)
[2025-08-31 18:57:24,611] INFO: Desktop notification sent via win10toast
[2025-08-31 18:57:24,611] INFO: Desktop notification sent via win10toast
[2025-08-31 18:57:26,483] CRITICAL: [ALERT-HIGH] CRITICAL THREAT RESPONSE ACTIVATED - Threat Type: mass_modification
Targeting 9 processes
Response in progress...
[2025-08-31 18:57:26,483] CRITICAL: [ALERT-HIGH] CRITICAL THREAT RESPONSE ACTIVATED - Threat Type: mass_modification
Targeting 9 processes
Response in progress...
[2025-08-31 18:57:26,483] CRITICAL: [ALERT] CRITICAL THREAT RESPONSE ACTIVATED - Threat Type: mass_modification
Targeting 9 processes
Response in progress... (Severity: HIGH)
[2025-08-31 18:57:26,483] CRITICAL: [ALERT] CRITICAL THREAT RESPONSE ACTIVATED - Threat Type: mass_modification
Targeting 9 processes
Response in progress... (Severity: HIGH)
[2025-08-31 18:57:26,483] INFO: Desktop notification sent via win10toast
[2025-08-31 18:57:26,483] INFO: Desktop notification sent via win10toast
