
==================================================
FINAL TEST STARTED: 2025-08-30 03:35:21
==================================================

==================================================
FINAL TEST STARTED: 2025-08-30 03:36:07
==================================================
2025-08-30 03:44:39,648 - deadbolt_main - INFO - Logging system initialized
2025-08-30 03:44:39,648 - deadbolt_main - INFO - Deadbolt Defender initialized
2025-08-30 03:44:39,648 - deadbolt_main - INFO - Starting Deadbolt Ransomware Defender...
2025-08-30 03:44:39,648 - deadbolt_main - INFO - Initializing responder...
2025-08-30 03:44:39,648 - deadbolt_main - INFO - Initializing detector...
2025-08-30 03:44:39,651 - deadbolt_main - INFO - Initializing filesystem watcher...
2025-08-30 03:44:39,651 - deadbolt_main - INFO - Starting detector monitoring...
2025-08-30 03:44:39,651 - deadbolt_main - INFO - Starting filesystem monitoring...
2025-08-30 03:44:39,654 - deadbolt_main - INFO - Status monitoring started
2025-08-30 03:44:39,654 - deadbolt_main - INFO - Deadbolt Defender started successfully
2025-08-30 03:44:39,654 - deadbolt_main - INFO - Status update - Uptime: 0s, Threats: 0, Responses: 0
2025-08-30 03:44:39,654 - deadbolt_main - INFO - Monitoring directories: ['C:\\Users\\MADHURIMA\\Documents\\testtxt', 'C:\\Users\\MADHURIMA\\Documents']
2025-08-30 03:44:39,654 - deadbolt_main - INFO - Rules: {'mass_delete': {'count': 5, 'interval': 5}, 'mass_rename': {'count': 5, 'interval': 5}, 'mass_modification': {'count': 8, 'interval': 5}}
2025-08-30 03:44:39,654 - deadbolt_main - INFO - Actions enabled: {'log_only': False, 'kill_process': True, 'shutdown': False, 'dry_run': False}
2025-08-30 03:49:54,381 - deadbolt_main - INFO - Logging system initialized
2025-08-30 03:49:54,381 - deadbolt_main - INFO - Deadbolt Defender initialized
2025-08-30 03:49:54,381 - deadbolt_main - INFO - Starting Deadbolt Ransomware Defender...
2025-08-30 03:49:54,381 - deadbolt_main - INFO - Initializing responder...
2025-08-30 03:49:54,382 - deadbolt_main - INFO - Initializing detector...
2025-08-30 03:49:54,382 - deadbolt_main - INFO - Initializing filesystem watcher...
2025-08-30 03:49:54,382 - deadbolt_main - INFO - Starting detector monitoring...
2025-08-30 03:49:54,382 - deadbolt_main - INFO - Starting filesystem monitoring...
2025-08-30 03:49:54,386 - deadbolt_main - INFO - Status monitoring started
2025-08-30 03:49:54,386 - deadbolt_main - INFO - Deadbolt Defender started successfully
2025-08-30 03:49:54,386 - deadbolt_main - INFO - Status update - Uptime: 0s, Threats: 0, Responses: 0
2025-08-30 03:49:54,386 - deadbolt_main - INFO - Monitoring directories: ['C:\\Users\\MADHURIMA\\Documents\\testtxt', 'C:\\Users\\MADHURIMA\\Documents']
2025-08-30 03:49:54,386 - deadbolt_main - INFO - Rules: {'mass_delete': {'count': 5, 'interval': 5}, 'mass_rename': {'count': 5, 'interval': 5}, 'mass_modification': {'count': 8, 'interval': 5}}
2025-08-30 03:49:54,386 - deadbolt_main - INFO - Actions enabled: {'log_only': False, 'kill_process': True, 'shutdown': False, 'dry_run': False}
2025-08-30 03:50:37,172 - deadbolt_main - INFO - Logging system initialized
2025-08-30 03:50:37,172 - deadbolt_main - INFO - Deadbolt Defender initialized
2025-08-30 03:50:37,172 - deadbolt_main - INFO - Starting Deadbolt Ransomware Defender...
2025-08-30 03:50:37,172 - deadbolt_main - INFO - Initializing responder...
2025-08-30 03:50:37,173 - deadbolt_main - INFO - Initializing detector...
2025-08-30 03:50:37,175 - deadbolt_main - INFO - Initializing filesystem watcher...
2025-08-30 03:50:37,175 - deadbolt_main - INFO - Starting detector monitoring...
2025-08-30 03:50:37,175 - deadbolt_main - INFO - Starting filesystem monitoring...
2025-08-30 03:50:37,178 - deadbolt_main - INFO - Status monitoring started
2025-08-30 03:50:37,178 - deadbolt_main - INFO - Deadbolt Defender started successfully
2025-08-30 03:50:37,178 - deadbolt_main - INFO - Status update - Uptime: 0s, Threats: 0, Responses: 0
2025-08-30 03:50:37,178 - deadbolt_main - INFO - Monitoring directories: ['C:\\Users\\MADHURIMA\\Documents\\testtxt', 'C:\\Users\\MADHURIMA\\Documents']
2025-08-30 03:50:37,178 - deadbolt_main - INFO - Rules: {'mass_delete': {'count': 5, 'interval': 5}, 'mass_rename': {'count': 5, 'interval': 5}, 'mass_modification': {'count': 8, 'interval': 5}}
2025-08-30 03:50:37,178 - deadbolt_main - INFO - Actions enabled: {'log_only': False, 'kill_process': True, 'shutdown': False, 'dry_run': False}
2025-08-30 03:57:01,670 - deadbolt_main - INFO - Logging system initialized
2025-08-30 03:57:01,670 - deadbolt_main - INFO - Deadbolt Defender initialized
2025-08-30 03:57:01,670 - deadbolt_main - INFO - Starting Deadbolt Ransomware Defender...
2025-08-30 03:57:01,670 - deadbolt_main - INFO - Initializing responder...
2025-08-30 03:57:01,672 - deadbolt_main - INFO - Initializing detector...
2025-08-30 03:57:01,672 - deadbolt_main - INFO - Initializing filesystem watcher...
2025-08-30 03:57:01,672 - deadbolt_main - INFO - Starting detector monitoring...
2025-08-30 03:57:01,672 - deadbolt_main - INFO - Starting filesystem monitoring...
2025-08-30 03:57:01,677 - deadbolt_main - INFO - Status monitoring started
2025-08-30 03:57:01,678 - deadbolt_main - INFO - Deadbolt Defender started successfully
2025-08-30 03:57:01,678 - deadbolt_main - INFO - Status update - Uptime: 0s, Threats: 0, Responses: 0
2025-08-30 03:57:01,678 - deadbolt_main - INFO - Monitoring directories: ['C:\\Users\\MADHURIMA\\Documents\\testtxt', 'C:\\Users\\MADHURIMA\\Documents']
2025-08-30 03:57:01,678 - deadbolt_main - INFO - Rules: {'mass_delete': {'count': 5, 'interval': 5}, 'mass_rename': {'count': 5, 'interval': 5}, 'mass_modification': {'count': 8, 'interval': 5}}
2025-08-30 03:57:01,678 - deadbolt_main - INFO - Actions enabled: {'log_only': False, 'kill_process': True, 'shutdown': False, 'dry_run': False}
2025-08-30 03:59:00,483 - deadbolt_main - INFO - Logging system initialized
2025-08-30 03:59:00,483 - deadbolt_main - INFO - Deadbolt Defender initialized
2025-08-30 03:59:00,483 - deadbolt_main - INFO - Starting Deadbolt Ransomware Defender...
2025-08-30 03:59:00,483 - deadbolt_main - INFO - Initializing responder...
2025-08-30 03:59:00,491 - deadbolt_main - INFO - Initializing detector...
2025-08-30 03:59:00,491 - deadbolt_main - INFO - Initializing filesystem watcher...
2025-08-30 03:59:00,491 - deadbolt_main - INFO - Starting detector monitoring...
2025-08-30 03:59:00,492 - deadbolt_main - INFO - Starting filesystem monitoring...
2025-08-30 03:59:00,492 - deadbolt_main - INFO - Status monitoring started
2025-08-30 03:59:00,492 - deadbolt_main - INFO - Deadbolt Defender started successfully
2025-08-30 03:59:00,492 - deadbolt_main - INFO - Status update - Uptime: 0s, Threats: 0, Responses: 0
2025-08-30 03:59:00,492 - deadbolt_main - INFO - Monitoring directories: ['C:\\Users\\MADHURIMA\\Documents\\testtxt', 'C:\\Users\\MADHURIMA\\Documents']
2025-08-30 03:59:00,492 - deadbolt_main - INFO - Rules: {'mass_delete': {'count': 5, 'interval': 5}, 'mass_rename': {'count': 5, 'interval': 5}, 'mass_modification': {'count': 8, 'interval': 5}}
2025-08-30 03:59:00,492 - deadbolt_main - INFO - Actions enabled: {'log_only': False, 'kill_process': True, 'shutdown': False, 'dry_run': False}
2025-08-30 04:12:00,355 - deadbolt_main - INFO - Logging system initialized
2025-08-30 04:12:00,355 - deadbolt_main - INFO - Deadbolt Defender initialized
2025-08-30 04:12:00,355 - deadbolt_main - INFO - Starting Deadbolt Ransomware Defender...
2025-08-30 04:12:00,355 - deadbolt_main - INFO - Initializing responder...
2025-08-30 04:12:00,358 - deadbolt_main - INFO - Initializing detector...
2025-08-30 04:12:00,358 - deadbolt_main - INFO - Initializing filesystem watcher...
2025-08-30 04:12:00,358 - deadbolt_main - INFO - Starting detector monitoring...
2025-08-30 04:12:00,358 - deadbolt_main - INFO - Starting filesystem monitoring...
2025-08-30 04:12:00,361 - deadbolt_main - INFO - Status monitoring started
2025-08-30 04:12:00,361 - deadbolt_main - INFO - Deadbolt Defender started successfully
2025-08-30 04:12:00,361 - deadbolt_main - INFO - Status update - Uptime: 0s, Threats: 0, Responses: 0
2025-08-30 04:12:00,361 - deadbolt_main - INFO - Monitoring directories: ['C:\\Users\\MADHURIMA\\Documents\\testtxt', 'C:\\Users\\MADHURIMA\\Documents']
2025-08-30 04:12:00,361 - deadbolt_main - INFO - Rules: {'mass_delete': {'count': 5, 'interval': 5}, 'mass_rename': {'count': 5, 'interval': 5}, 'mass_modification': {'count': 8, 'interval': 5}}
2025-08-30 04:12:00,361 - deadbolt_main - INFO - Actions enabled: {'log_only': False, 'kill_process': True, 'shutdown': False, 'dry_run': False}
2025-08-30 04:20:28,611 - deadbolt_main - INFO - Logging system initialized
2025-08-30 04:20:28,611 - deadbolt_main - INFO - Deadbolt Defender initialized
2025-08-30 04:20:28,611 - deadbolt_main - INFO - Starting Deadbolt Ransomware Defender...
2025-08-30 04:20:28,612 - deadbolt_main - INFO - Initializing responder...
2025-08-30 04:20:28,613 - deadbolt_main - INFO - Initializing detector...
2025-08-30 04:20:28,613 - deadbolt_main - INFO - Initializing filesystem watcher...
2025-08-30 04:20:28,614 - deadbolt_main - INFO - Starting detector monitoring...
2025-08-30 04:20:28,614 - deadbolt_main - INFO - Starting filesystem monitoring...
2025-08-30 04:20:28,617 - deadbolt_main - INFO - Status monitoring started
2025-08-30 04:20:28,617 - deadbolt_main - INFO - Deadbolt Defender started successfully
2025-08-30 04:20:28,617 - deadbolt_main - INFO - Status update - Uptime: 0s, Threats: 0, Responses: 0
2025-08-30 04:20:28,617 - deadbolt_main - INFO - Monitoring directories: ['C:\\Users\\MADHURIMA\\Documents\\testtxt', 'C:\\Users\\MADHURIMA\\Documents']
2025-08-30 04:20:28,617 - deadbolt_main - INFO - Rules: {'mass_delete': {'count': 5, 'interval': 5}, 'mass_rename': {'count': 5, 'interval': 5}, 'mass_modification': {'count': 8, 'interval': 5}}
2025-08-30 04:20:28,617 - deadbolt_main - INFO - Actions enabled: {'log_only': False, 'kill_process': True, 'shutdown': False, 'dry_run': False}
2025-08-30 04:51:21,432 - deadbolt_main - INFO - Logging system initialized
2025-08-30 04:51:21,432 - deadbolt_main - INFO - Deadbolt Defender initialized
2025-08-30 04:51:21,432 - deadbolt_main - INFO - Starting Deadbolt Ransomware Defender...
2025-08-30 04:51:21,432 - deadbolt_main - INFO - Initializing responder...
2025-08-30 04:51:21,435 - deadbolt_main - INFO - Initializing detector...
2025-08-30 04:51:21,435 - deadbolt_main - INFO - Initializing filesystem watcher...
2025-08-30 04:51:21,435 - deadbolt_main - INFO - Starting detector monitoring...
2025-08-30 04:51:21,435 - deadbolt_main - INFO - Starting filesystem monitoring...
2025-08-30 04:51:21,439 - deadbolt_main - INFO - Status monitoring started
2025-08-30 04:51:21,439 - deadbolt_main - INFO - Deadbolt Defender started successfully
2025-08-30 04:51:21,439 - deadbolt_main - INFO - Status update - Uptime: 0s, Threats: 0, Responses: 0
2025-08-30 04:51:21,439 - deadbolt_main - INFO - Monitoring directories: ['C:\\Users\\MADHURIMA\\Documents\\testtxt', 'C:\\Users\\MADHURIMA\\Documents']
2025-08-30 04:51:21,439 - deadbolt_main - INFO - Rules: {'mass_delete': {'count': 3, 'interval': 2}, 'mass_rename': {'count': 3, 'interval': 2}, 'mass_modification': {'count': 4, 'interval': 2}}
2025-08-30 04:51:21,440 - deadbolt_main - INFO - Actions enabled: {'log_only': False, 'kill_process': True, 'shutdown': False, 'dry_run': False}
2025-08-30 04:54:29,317 - deadbolt_main - INFO - Logging system initialized
2025-08-30 04:54:29,317 - deadbolt_main - INFO - Deadbolt Defender initialized
2025-08-30 04:54:29,317 - deadbolt_main - INFO - Starting Deadbolt Ransomware Defender...
2025-08-30 04:54:29,317 - deadbolt_main - INFO - Initializing responder...
2025-08-30 04:54:29,317 - deadbolt_main - INFO - Initializing detector...
2025-08-30 04:54:29,317 - deadbolt_main - INFO - Initializing filesystem watcher...
2025-08-30 04:54:29,317 - deadbolt_main - INFO - Starting detector monitoring...
2025-08-30 04:54:29,317 - deadbolt_main - INFO - Starting filesystem monitoring...
2025-08-30 04:54:29,317 - deadbolt_main - INFO - Status monitoring started
2025-08-30 04:54:29,317 - deadbolt_main - INFO - Deadbolt Defender started successfully
2025-08-30 04:54:29,317 - deadbolt_main - INFO - Monitoring directories: ['C:\\Users\\MADHURIMA\\Documents\\testtxt', 'C:\\Users\\MADHURIMA\\Documents']
2025-08-30 04:54:29,317 - deadbolt_main - INFO - Rules: {'mass_delete': {'count': 3, 'interval': 2}, 'mass_rename': {'count': 3, 'interval': 2}, 'mass_modification': {'count': 4, 'interval': 2}}
2025-08-30 04:54:29,317 - deadbolt_main - INFO - Actions enabled: {'log_only': False, 'kill_process': True, 'shutdown': False, 'dry_run': False}
2025-08-30 04:59:55,769 - deadbolt_main - INFO - Logging system initialized
2025-08-30 04:59:55,769 - deadbolt_main - INFO - Deadbolt Defender initialized
2025-08-30 04:59:55,769 - deadbolt_main - INFO - Starting Deadbolt Ransomware Defender...
2025-08-30 04:59:55,769 - deadbolt_main - INFO - Initializing responder...
2025-08-30 04:59:55,773 - deadbolt_main - INFO - Initializing detector...
2025-08-30 04:59:55,773 - deadbolt_main - INFO - Initializing filesystem watcher...
2025-08-30 04:59:55,773 - deadbolt_main - INFO - Starting detector monitoring...
2025-08-30 04:59:55,773 - deadbolt_main - INFO - Starting filesystem monitoring...
2025-08-30 04:59:55,775 - deadbolt_main - INFO - Status monitoring started
2025-08-30 04:59:55,775 - deadbolt_main - INFO - Deadbolt Defender started successfully
2025-08-30 04:59:55,775 - deadbolt_main - INFO - Status update - Uptime: 0s, Threats: 0, Responses: 0
2025-08-30 04:59:55,775 - deadbolt_main - INFO - Monitoring directories: ['C:\\Users\\MADHURIMA\\Documents\\testtxt', 'C:\\Users\\MADHURIMA\\Documents']
2025-08-30 04:59:55,775 - deadbolt_main - INFO - Rules: {'mass_delete': {'count': 3, 'interval': 2}, 'mass_rename': {'count': 3, 'interval': 2}, 'mass_modification': {'count': 4, 'interval': 2}}
2025-08-30 04:59:55,775 - deadbolt_main - INFO - Actions enabled: {'log_only': False, 'kill_process': True, 'shutdown': False, 'dry_run': False}
2025-08-30 05:06:08,511 - deadbolt_main - INFO - Logging system initialized
2025-08-30 05:06:08,511 - deadbolt_main - INFO - Deadbolt Defender initialized
2025-08-30 05:06:08,512 - deadbolt_main - INFO - Starting Deadbolt Ransomware Defender...
2025-08-30 05:06:08,512 - deadbolt_main - INFO - Initializing responder...
2025-08-30 05:06:08,513 - deadbolt_main - INFO - Initializing detector...
2025-08-30 05:06:08,514 - deadbolt_main - INFO - Initializing filesystem watcher...
2025-08-30 05:06:08,514 - deadbolt_main - INFO - Starting detector monitoring...
2025-08-30 05:06:08,514 - deadbolt_main - INFO - Starting filesystem monitoring...
2025-08-30 05:06:08,517 - deadbolt_main - INFO - Status monitoring started
2025-08-30 05:06:08,517 - deadbolt_main - INFO - Deadbolt Defender started successfully
2025-08-30 05:06:08,517 - deadbolt_main - INFO - Status update - Uptime: 0s, Threats: 0, Responses: 0
2025-08-30 05:06:08,517 - deadbolt_main - INFO - Monitoring directories: ['C:\\Users\\MADHURIMA\\Documents\\testtxt', 'C:\\Users\\MADHURIMA\\Documents']
2025-08-30 05:06:08,517 - deadbolt_main - INFO - Rules: {'mass_delete': {'count': 3, 'interval': 2}, 'mass_rename': {'count': 3, 'interval': 2}, 'mass_modification': {'count': 4, 'interval': 2}}
2025-08-30 05:06:08,517 - deadbolt_main - INFO - Actions enabled: {'log_only': False, 'kill_process': True, 'shutdown': False, 'dry_run': False}
2025-08-30 05:06:39,339 - deadbolt_main - INFO - Logging system initialized
2025-08-30 05:06:39,340 - deadbolt_main - INFO - Deadbolt Defender initialized
2025-08-30 05:06:39,340 - deadbolt_main - INFO - Starting Deadbolt Ransomware Defender...
2025-08-30 05:06:39,340 - deadbolt_main - INFO - Initializing responder...
2025-08-30 05:06:39,341 - deadbolt_main - INFO - Initializing detector...
2025-08-30 05:06:39,342 - deadbolt_main - INFO - Initializing filesystem watcher...
2025-08-30 05:06:39,342 - deadbolt_main - INFO - Starting detector monitoring...
2025-08-30 05:06:39,342 - deadbolt_main - INFO - Starting filesystem monitoring...
2025-08-30 05:06:39,345 - deadbolt_main - INFO - Status monitoring started
2025-08-30 05:06:39,345 - deadbolt_main - INFO - Deadbolt Defender started successfully
2025-08-30 05:06:39,345 - deadbolt_main - INFO - Status update - Uptime: 0s, Threats: 0, Responses: 0
2025-08-30 05:06:39,345 - deadbolt_main - INFO - Monitoring directories: ['C:\\Users\\MADHURIMA\\Documents\\testtxt', 'C:\\Users\\MADHURIMA\\Documents']
2025-08-30 05:06:39,345 - deadbolt_main - INFO - Rules: {'mass_delete': {'count': 3, 'interval': 2}, 'mass_rename': {'count': 3, 'interval': 2}, 'mass_modification': {'count': 4, 'interval': 2}}
2025-08-30 05:06:39,345 - deadbolt_main - INFO - Actions enabled: {'log_only': False, 'kill_process': True, 'shutdown': False, 'dry_run': False}
2025-08-30 05:09:35,029 - deadbolt_main - INFO - Logging system initialized
2025-08-30 05:09:35,029 - deadbolt_main - INFO - Deadbolt Defender initialized
2025-08-30 05:09:35,029 - deadbolt_main - INFO - Starting Deadbolt Ransomware Defender...
2025-08-30 05:09:35,029 - deadbolt_main - INFO - Initializing responder...
2025-08-30 05:09:35,030 - deadbolt_main - INFO - Initializing detector...
2025-08-30 05:09:35,031 - deadbolt_main - INFO - Initializing filesystem watcher...
2025-08-30 05:09:35,031 - deadbolt_main - INFO - Starting detector monitoring...
2025-08-30 05:09:35,031 - deadbolt_main - INFO - Starting filesystem monitoring...
2025-08-30 05:09:35,033 - deadbolt_main - INFO - Status monitoring started
2025-08-30 05:09:35,033 - deadbolt_main - INFO - Deadbolt Defender started successfully
2025-08-30 05:09:35,033 - deadbolt_main - INFO - Status update - Uptime: 0s, Threats: 0, Responses: 0
2025-08-30 05:09:35,033 - deadbolt_main - INFO - Monitoring directories: ['C:\\Users\\MADHURIMA\\Documents\\testtxt', 'C:\\Users\\MADHURIMA\\Documents']
2025-08-30 05:09:35,033 - deadbolt_main - INFO - Rules: {'mass_delete': {'count': 3, 'interval': 2}, 'mass_rename': {'count': 3, 'interval': 2}, 'mass_modification': {'count': 4, 'interval': 2}}
2025-08-30 05:09:35,033 - deadbolt_main - INFO - Actions enabled: {'log_only': False, 'kill_process': True, 'shutdown': False, 'dry_run': False}
2025-08-30 05:10:09,179 - deadbolt_main - INFO - Logging system initialized
2025-08-30 05:10:09,179 - deadbolt_main - INFO - Deadbolt Defender initialized
2025-08-30 05:10:09,179 - deadbolt_main - INFO - Starting Deadbolt Ransomware Defender...
2025-08-30 05:10:09,179 - deadbolt_main - INFO - Initializing responder...
2025-08-30 05:10:09,180 - deadbolt_main - INFO - Initializing detector...
2025-08-30 05:10:09,181 - deadbolt_main - INFO - Initializing filesystem watcher...
2025-08-30 05:10:09,181 - deadbolt_main - INFO - Starting detector monitoring...
2025-08-30 05:10:09,181 - deadbolt_main - INFO - Starting filesystem monitoring...
2025-08-30 05:10:09,184 - deadbolt_main - INFO - Status monitoring started
2025-08-30 05:10:09,184 - deadbolt_main - INFO - Deadbolt Defender started successfully
2025-08-30 05:10:09,184 - deadbolt_main - INFO - Status update - Uptime: 0s, Threats: 0, Responses: 0
2025-08-30 05:10:09,184 - deadbolt_main - INFO - Monitoring directories: ['C:\\Users\\MADHURIMA\\Documents\\testtxt', 'C:\\Users\\MADHURIMA\\Documents']
2025-08-30 05:10:09,184 - deadbolt_main - INFO - Rules: {'mass_delete': {'count': 3, 'interval': 2}, 'mass_rename': {'count': 3, 'interval': 2}, 'mass_modification': {'count': 4, 'interval': 2}}
2025-08-30 05:10:09,184 - deadbolt_main - INFO - Actions enabled: {'log_only': False, 'kill_process': True, 'shutdown': False, 'dry_run': False}
2025-08-30 05:23:43,690 - deadbolt_main - INFO - Logging system initialized
2025-08-30 05:23:43,690 - deadbolt_main - INFO - Deadbolt Defender initialized
2025-08-30 05:23:43,690 - deadbolt_main - INFO - Starting Deadbolt Ransomware Defender...
2025-08-30 05:23:43,691 - deadbolt_main - INFO - Initializing responder...
2025-08-30 05:23:43,691 - deadbolt_main - INFO - Initializing detector...
2025-08-30 05:23:43,693 - deadbolt_main - INFO - Initializing filesystem watcher...
2025-08-30 05:23:43,693 - deadbolt_main - INFO - Starting detector monitoring...
2025-08-30 05:23:43,693 - deadbolt_main - INFO - Starting filesystem monitoring...
2025-08-30 05:23:43,695 - deadbolt_main - INFO - Status monitoring started
2025-08-30 05:23:43,695 - deadbolt_main - INFO - Deadbolt Defender started successfully
2025-08-30 05:23:43,695 - deadbolt_main - INFO - Status update - Uptime: 0s, Threats: 0, Responses: 0
2025-08-30 05:23:43,695 - deadbolt_main - INFO - Monitoring directories: ['C:\\Users\\MADHURIMA\\Documents\\testtxt', 'C:\\Users\\MADHURIMA\\Documents']
2025-08-30 05:23:43,695 - deadbolt_main - INFO - Rules: {'mass_delete': {'count': 3, 'interval': 2}, 'mass_rename': {'count': 3, 'interval': 2}, 'mass_modification': {'count': 4, 'interval': 2}}
2025-08-30 05:23:43,695 - deadbolt_main - INFO - Actions enabled: {'log_only': False, 'kill_process': True, 'shutdown': False, 'dry_run': False}
2025-08-30 05:30:15,952 - deadbolt_main - INFO - Logging system initialized
2025-08-30 05:30:15,952 - deadbolt_main - INFO - Deadbolt Defender initialized
2025-08-30 05:30:15,952 - deadbolt_main - INFO - Starting Deadbolt Ransomware Defender...
2025-08-30 05:30:15,953 - deadbolt_main - INFO - Initializing responder...
2025-08-30 05:30:15,955 - deadbolt_main - INFO - Initializing detector...
2025-08-30 05:30:15,955 - deadbolt_main - INFO - Initializing filesystem watcher...
2025-08-30 05:30:15,956 - deadbolt_main - INFO - Starting detector monitoring...
2025-08-30 05:30:15,956 - deadbolt_main - INFO - Starting filesystem monitoring...
2025-08-30 05:30:15,958 - deadbolt_main - INFO - Status monitoring started
2025-08-30 05:30:15,958 - deadbolt_main - INFO - Deadbolt Defender started successfully
2025-08-30 05:30:15,958 - deadbolt_main - INFO - Status update - Uptime: 0s, Threats: 0, Responses: 0
2025-08-30 05:30:15,958 - deadbolt_main - INFO - Monitoring directories: ['C:\\Users\\MADHURIMA\\Documents\\testtxt', 'C:\\Users\\MADHURIMA\\Documents']
2025-08-30 05:30:15,958 - deadbolt_main - INFO - Rules: {'mass_delete': {'count': 3, 'interval': 2}, 'mass_rename': {'count': 3, 'interval': 2}, 'mass_modification': {'count': 4, 'interval': 2}}
2025-08-30 05:30:15,958 - deadbolt_main - INFO - Actions enabled: {'log_only': False, 'kill_process': True, 'shutdown': False, 'dry_run': False}
2025-08-31 00:54:14,177 - deadbolt_main - INFO - Logging system initialized
2025-08-31 00:54:14,179 - deadbolt_main - INFO - Deadbolt Defender initialized
2025-08-31 00:54:14,179 - deadbolt_main - INFO - Starting Deadbolt Ransomware Defender...
2025-08-31 00:54:14,179 - deadbolt_main - INFO - Initializing responder...
2025-08-31 00:54:14,179 - deadbolt_main - INFO - Initializing detector...
2025-08-31 00:54:14,966 - deadbolt_main - INFO - ML Model Features: 49
2025-08-31 00:54:14,966 - deadbolt_main - INFO - Initializing filesystem watcher...
2025-08-31 00:54:14,966 - deadbolt_main - INFO - Starting detector monitoring...
2025-08-31 00:54:14,966 - deadbolt_main - INFO - Starting filesystem monitoring...
2025-08-31 00:54:14,967 - deadbolt_main - ERROR - Failed to start Deadbolt Defender: module 'config' has no attribute 'TARGET_DIRS'
2025-08-31 00:54:14,967 - deadbolt_main - WARNING - Deadbolt Defender is not running
2025-08-31 01:01:07,687 - deadbolt_main - INFO - Logging system initialized
2025-08-31 01:01:07,687 - deadbolt_main - INFO - Deadbolt Defender initialized
2025-08-31 01:01:07,687 - deadbolt_main - INFO - Starting Deadbolt Ransomware Defender...
2025-08-31 01:01:07,687 - deadbolt_main - INFO - Initializing responder...
2025-08-31 01:01:07,690 - deadbolt_main - INFO - Initializing detector...
2025-08-31 01:01:08,533 - deadbolt_main - INFO - ML-Enhanced Detection: Active
2025-08-31 01:01:08,533 - deadbolt_main - INFO - ML Model Features: 49
2025-08-31 01:01:08,534 - deadbolt_main - INFO - Initializing filesystem watcher...
2025-08-31 01:01:08,534 - deadbolt_main - INFO - Starting detector monitoring...
2025-08-31 01:01:08,535 - deadbolt_main - INFO - Starting filesystem monitoring...
2025-08-31 01:01:08,538 - deadbolt_main - INFO - Status monitoring started
2025-08-31 01:01:08,538 - deadbolt_main - INFO - Deadbolt Defender started successfully
2025-08-31 01:01:08,538 - deadbolt_main - INFO - Status update - Uptime: 1s, Threats: 0, Responses: 0
2025-08-31 01:01:08,539 - deadbolt_main - INFO - Monitoring directories: ['C:\\Users\\MADHURIMA\\Documents\\testtxt', 'C:\\Users\\MADHURIMA\\Documents']
2025-08-31 01:01:08,539 - deadbolt_main - INFO - Rules: {'mass_delete': {'count': 3, 'interval': 2}, 'mass_rename': {'count': 3, 'interval': 2}, 'mass_modification': {'count': 4, 'interval': 2}}
2025-08-31 01:01:08,539 - deadbolt_main - INFO - Actions enabled: {'log_only': False, 'kill_process': True, 'shutdown': False, 'dry_run': False}
2025-08-31 01:38:21,720 - deadbolt_main - INFO - Logging system initialized
2025-08-31 01:38:21,720 - deadbolt_main - INFO - Deadbolt Defender initialized
2025-08-31 01:38:22,521 - deadbolt_main - INFO - Starting Deadbolt Ransomware Defender...
2025-08-31 01:38:22,521 - deadbolt_main - INFO - Initializing responder...
2025-08-31 01:38:22,522 - deadbolt_main - INFO - Initializing detector...
2025-08-31 01:38:23,465 - deadbolt_main - INFO - ML-Enhanced Detection: Active
2025-08-31 01:38:23,465 - deadbolt_main - INFO - ML Model Features: 49
2025-08-31 01:38:23,465 - deadbolt_main - INFO - Initializing filesystem watcher...
2025-08-31 01:38:23,466 - deadbolt_main - INFO - Starting detector monitoring...
2025-08-31 01:38:23,466 - deadbolt_main - INFO - Starting filesystem monitoring...
2025-08-31 01:38:23,469 - deadbolt_main - INFO - Status monitoring started
2025-08-31 01:38:23,469 - deadbolt_main - INFO - Deadbolt Defender started successfully
2025-08-31 01:38:23,469 - deadbolt_main - INFO - Status update - Uptime: 1s, Threats: 0, Responses: 0
2025-08-31 01:38:23,469 - deadbolt_main - INFO - Monitoring directories: ['C:\\Users\\MADHURIMA\\Documents\\testtxt', 'C:\\Users\\MADHURIMA\\Documents']
2025-08-31 01:38:23,469 - deadbolt_main - INFO - Rules: {'mass_delete': {'count': 3, 'interval': 2}, 'mass_rename': {'count': 3, 'interval': 2}, 'mass_modification': {'count': 4, 'interval': 2}}
2025-08-31 01:38:23,469 - deadbolt_main - INFO - Actions enabled: {'log_only': False, 'kill_process': True, 'shutdown': False, 'dry_run': False}
2025-08-31 02:11:30,069 - deadbolt_main - INFO - Logging system initialized
2025-08-31 02:11:30,069 - deadbolt_main - INFO - Deadbolt Defender initialized
2025-08-31 02:11:30,069 - deadbolt_main - INFO - Starting Deadbolt Ransomware Defender...
2025-08-31 02:11:30,070 - deadbolt_main - INFO - Initializing responder...
2025-08-31 02:11:30,071 - deadbolt_main - INFO - Initializing detector...
2025-08-31 02:11:30,868 - deadbolt_main - INFO - ML-Enhanced Detection: Active
2025-08-31 02:11:30,868 - deadbolt_main - INFO - ML Model Features: 49
2025-08-31 02:11:30,868 - deadbolt_main - INFO - Initializing filesystem watcher...
2025-08-31 02:11:30,868 - deadbolt_main - INFO - Starting detector monitoring...
2025-08-31 02:11:30,868 - deadbolt_main - INFO - Starting filesystem monitoring...
2025-08-31 02:11:30,872 - deadbolt_main - INFO - Status monitoring started
2025-08-31 02:11:30,872 - deadbolt_main - INFO - Deadbolt Defender started successfully
2025-08-31 02:11:30,872 - deadbolt_main - INFO - Status update - Uptime: 1s, Threats: 0, Responses: 0
2025-08-31 02:11:30,872 - deadbolt_main - INFO - Monitoring directories: ['C:\\Users\\MADHURIMA\\Documents\\testtxt', 'C:\\Users\\MADHURIMA\\Documents']
2025-08-31 02:11:30,872 - deadbolt_main - INFO - Rules: {'mass_delete': {'count': 3, 'interval': 2}, 'mass_rename': {'count': 3, 'interval': 2}, 'mass_modification': {'count': 4, 'interval': 2}}
2025-08-31 02:11:30,872 - deadbolt_main - INFO - Actions enabled: {'log_only': False, 'kill_process': True, 'shutdown': False, 'dry_run': False}
2025-08-31 02:11:53,889 - deadbolt_main - INFO - Logging system initialized
2025-08-31 02:11:53,889 - deadbolt_main - INFO - Deadbolt Defender initialized
2025-08-31 02:11:55,378 - deadbolt_main - INFO - Starting Deadbolt Ransomware Defender...
2025-08-31 02:11:55,379 - deadbolt_main - INFO - Initializing responder...
2025-08-31 02:11:55,380 - deadbolt_main - INFO - Initializing detector...
2025-08-31 02:11:55,394 - deadbolt_main - INFO - ML-Enhanced Detection: Active
2025-08-31 02:11:55,394 - deadbolt_main - INFO - ML Model Features: 49
2025-08-31 02:11:55,395 - deadbolt_main - INFO - Initializing filesystem watcher...
2025-08-31 02:11:55,397 - deadbolt_main - INFO - Starting detector monitoring...
2025-08-31 02:11:55,398 - deadbolt_main - INFO - Starting filesystem monitoring...
2025-08-31 02:11:55,410 - deadbolt_main - INFO - Status monitoring started
2025-08-31 02:11:55,411 - deadbolt_main - INFO - Status update - Uptime: 0s, Threats: 0, Responses: 0
2025-08-31 02:11:55,411 - deadbolt_main - INFO - Deadbolt Defender started successfully
2025-08-31 02:11:55,411 - deadbolt_main - INFO - Monitoring directories: ['C:\\Users\\MADHURIMA\\Documents\\testtxt', 'C:\\Users\\MADHURIMA\\Documents']
2025-08-31 02:11:55,411 - deadbolt_main - INFO - Rules: {'mass_delete': {'count': 3, 'interval': 2}, 'mass_rename': {'count': 3, 'interval': 2}, 'mass_modification': {'count': 4, 'interval': 2}}
2025-08-31 02:11:55,411 - deadbolt_main - INFO - Actions enabled: {'log_only': False, 'kill_process': True, 'shutdown': False, 'dry_run': False}
2025-08-31 02:12:28,748 - deadbolt_main - INFO - Logging system initialized
2025-08-31 02:12:28,748 - deadbolt_main - INFO - Deadbolt Defender initialized
2025-08-31 02:12:28,748 - deadbolt_main - INFO - Starting Deadbolt Ransomware Defender...
2025-08-31 02:12:28,748 - deadbolt_main - INFO - Initializing responder...
2025-08-31 02:12:28,748 - deadbolt_main - INFO - Initializing detector...
2025-08-31 02:12:29,635 - deadbolt_main - INFO - ML-Enhanced Detection: Active
2025-08-31 02:12:29,635 - deadbolt_main - INFO - ML Model Features: 49
2025-08-31 02:12:29,638 - deadbolt_main - INFO - Initializing filesystem watcher...
2025-08-31 02:12:29,638 - deadbolt_main - INFO - Starting detector monitoring...
2025-08-31 02:12:29,638 - deadbolt_main - INFO - Starting filesystem monitoring...
2025-08-31 02:12:29,640 - deadbolt_main - ERROR - Failed to start Deadbolt Defender: module 'config' has no attribute 'TARGET_DIRS'
2025-08-31 02:12:29,640 - deadbolt_main - WARNING - Deadbolt Defender is not running
2025-08-31 02:20:21,262 - deadbolt_main - INFO - Logging system initialized
2025-08-31 02:20:21,262 - deadbolt_main - INFO - Deadbolt Defender initialized
2025-08-31 02:20:21,262 - deadbolt_main - INFO - Starting Deadbolt Ransomware Defender...
2025-08-31 02:20:21,262 - deadbolt_main - INFO - Initializing responder...
2025-08-31 02:20:21,262 - deadbolt_main - INFO - Initializing detector...
2025-08-31 02:20:22,057 - deadbolt_main - INFO - ML-Enhanced Detection: Active
2025-08-31 02:20:22,057 - deadbolt_main - INFO - ML Model Features: 49
2025-08-31 02:20:22,057 - deadbolt_main - INFO - Initializing filesystem watcher...
2025-08-31 02:20:22,057 - deadbolt_main - INFO - Starting detector monitoring...
2025-08-31 02:20:22,057 - deadbolt_main - INFO - Starting filesystem monitoring...
2025-08-31 02:20:22,059 - deadbolt_main - INFO - Status monitoring started
2025-08-31 02:20:22,059 - deadbolt_main - INFO - Deadbolt Defender started successfully
2025-08-31 02:20:22,059 - deadbolt_main - INFO - Status update - Uptime: 1s, Threats: 0, Responses: 0
2025-08-31 02:20:22,059 - deadbolt_main - INFO - Monitoring directories: ['C:\\Users\\MADHURIMA\\Documents\\testtxt', 'C:\\Users\\MADHURIMA\\Documents']
2025-08-31 02:20:22,059 - deadbolt_main - INFO - Rules: {'mass_delete': {'count': 3, 'interval': 2}, 'mass_rename': {'count': 3, 'interval': 2}, 'mass_modification': {'count': 4, 'interval': 2}}
2025-08-31 02:20:22,059 - deadbolt_main - INFO - Actions enabled: {'log_only': False, 'kill_process': True, 'shutdown': False, 'dry_run': False}
2025-08-31 18:22:30,103 - deadbolt_main - INFO - Logging system initialized
2025-08-31 18:22:30,103 - deadbolt_main - INFO - Deadbolt Defender initialized
2025-08-31 18:22:30,110 - deadbolt_main - INFO - Starting Deadbolt Ransomware Defender...
2025-08-31 18:22:30,110 - deadbolt_main - INFO - Initializing responder...
2025-08-31 18:22:30,111 - deadbolt_main - INFO - Initializing detector...
2025-08-31 18:22:30,901 - deadbolt_main - INFO - ML-Enhanced Detection: Active
2025-08-31 18:22:30,901 - deadbolt_main - INFO - ML Model Features: 49
2025-08-31 18:22:30,901 - deadbolt_main - INFO - Initializing filesystem watcher...
2025-08-31 18:22:30,903 - deadbolt_main - INFO - Starting detector monitoring...
2025-08-31 18:22:30,903 - deadbolt_main - INFO - Starting filesystem monitoring...
2025-08-31 18:22:30,906 - deadbolt_main - INFO - Status monitoring started
2025-08-31 18:22:30,906 - deadbolt_main - INFO - Deadbolt Defender started successfully
2025-08-31 18:22:30,906 - deadbolt_main - INFO - Status update - Uptime: 1s, Threats: 0, Responses: 0
2025-08-31 18:22:30,906 - deadbolt_main - INFO - Monitoring directories: ['C:\\Users\\MADHURIMA\\Documents\\testtxt', 'C:\\Users\\MADHURIMA\\Documents']
2025-08-31 18:22:30,906 - deadbolt_main - INFO - Rules: {'mass_delete': {'count': 3, 'interval': 2}, 'mass_rename': {'count': 3, 'interval': 2}, 'mass_modification': {'count': 4, 'interval': 2}}
2025-08-31 18:22:30,906 - deadbolt_main - INFO - Actions enabled: {'log_only': False, 'kill_process': True, 'shutdown': False, 'dry_run': False}
2025-08-31 18:23:41,925 - deadbolt_main - INFO - Logging system initialized
2025-08-31 18:23:41,925 - deadbolt_main - INFO - Deadbolt Defender initialized
2025-08-31 18:23:41,925 - deadbolt_main - INFO - Starting Deadbolt Ransomware Defender...
2025-08-31 18:23:41,925 - deadbolt_main - INFO - Initializing responder...
2025-08-31 18:23:41,925 - deadbolt_main - INFO - Initializing detector...
2025-08-31 18:23:42,753 - deadbolt_main - INFO - ML-Enhanced Detection: Active
2025-08-31 18:23:42,753 - deadbolt_main - INFO - ML Model Features: 49
2025-08-31 18:23:42,755 - deadbolt_main - INFO - Initializing filesystem watcher...
2025-08-31 18:23:42,755 - deadbolt_main - INFO - Starting detector monitoring...
2025-08-31 18:23:42,755 - deadbolt_main - INFO - Starting filesystem monitoring...
2025-08-31 18:23:42,759 - deadbolt_main - INFO - Status monitoring started
2025-08-31 18:23:42,759 - deadbolt_main - INFO - Deadbolt Defender started successfully
2025-08-31 18:23:42,759 - deadbolt_main - INFO - Status update - Uptime: 1s, Threats: 0, Responses: 0
2025-08-31 18:23:42,759 - deadbolt_main - INFO - Monitoring directories: ['C:\\Users\\MADHURIMA\\Documents\\testtxt', 'C:\\Users\\MADHURIMA\\Documents']
2025-08-31 18:23:42,759 - deadbolt_main - INFO - Rules: {'mass_delete': {'count': 3, 'interval': 2}, 'mass_rename': {'count': 3, 'interval': 2}, 'mass_modification': {'count': 4, 'interval': 2}}
2025-08-31 18:23:42,759 - deadbolt_main - INFO - Actions enabled: {'log_only': False, 'kill_process': True, 'shutdown': False, 'dry_run': False}
2025-08-31 18:24:00,532 - deadbolt_main - INFO - Logging system initialized
2025-08-31 18:24:00,532 - deadbolt_main - INFO - Deadbolt Defender initialized
2025-08-31 18:24:00,532 - deadbolt_main - INFO - Starting Deadbolt Ransomware Defender...
2025-08-31 18:24:00,532 - deadbolt_main - INFO - Initializing responder...
2025-08-31 18:24:00,532 - deadbolt_main - INFO - Initializing detector...
2025-08-31 18:24:01,376 - deadbolt_main - INFO - ML-Enhanced Detection: Active
2025-08-31 18:24:01,376 - deadbolt_main - INFO - ML Model Features: 49
2025-08-31 18:24:01,376 - deadbolt_main - INFO - Initializing filesystem watcher...
2025-08-31 18:24:01,378 - deadbolt_main - INFO - Starting detector monitoring...
2025-08-31 18:24:01,378 - deadbolt_main - INFO - Starting filesystem monitoring...
2025-08-31 18:24:01,378 - deadbolt_main - ERROR - Failed to start Deadbolt Defender: module 'config' has no attribute 'TARGET_DIRS'
2025-08-31 18:24:01,378 - deadbolt_main - WARNING - Deadbolt Defender is not running
2025-08-31 18:34:12,253 - deadbolt_main - INFO - Logging system initialized
2025-08-31 18:34:12,253 - deadbolt_main - INFO - Deadbolt Defender initialized
2025-08-31 18:34:12,253 - deadbolt_main - INFO - Starting Deadbolt Ransomware Defender...
2025-08-31 18:34:12,253 - deadbolt_main - INFO - Initializing responder...
2025-08-31 18:34:12,253 - deadbolt_main - INFO - Initializing detector...
2025-08-31 18:34:13,070 - deadbolt_main - INFO - ML-Enhanced Detection: Active
2025-08-31 18:34:13,070 - deadbolt_main - INFO - ML Model Features: 49
2025-08-31 18:34:13,070 - deadbolt_main - INFO - Initializing filesystem watcher...
2025-08-31 18:34:13,072 - deadbolt_main - INFO - Starting detector monitoring...
2025-08-31 18:34:13,072 - deadbolt_main - INFO - Starting filesystem monitoring...
2025-08-31 18:34:13,074 - deadbolt_main - INFO - Status monitoring started
2025-08-31 18:34:13,074 - deadbolt_main - INFO - Deadbolt Defender started successfully
2025-08-31 18:34:13,074 - deadbolt_main - INFO - Status update - Uptime: 1s, Threats: 0, Responses: 0
2025-08-31 18:34:13,074 - deadbolt_main - INFO - Monitoring directories: ['C:\\Users\\MADHURIMA\\Documents\\testtxt', 'C:\\Users\\MADHURIMA\\Documents']
2025-08-31 18:34:13,074 - deadbolt_main - INFO - Rules: {'mass_delete': {'count': 3, 'interval': 2}, 'mass_rename': {'count': 3, 'interval': 2}, 'mass_modification': {'count': 4, 'interval': 2}}
2025-08-31 18:34:13,074 - deadbolt_main - INFO - Actions enabled: {'log_only': False, 'kill_process': True, 'shutdown': False, 'dry_run': False}
2025-08-31 18:34:38,202 - deadbolt_main - INFO - Logging system initialized
2025-08-31 18:34:38,202 - deadbolt_main - INFO - Deadbolt Defender initialized
2025-08-31 18:34:38,202 - deadbolt_main - INFO - Starting Deadbolt Ransomware Defender...
2025-08-31 18:34:38,202 - deadbolt_main - INFO - Initializing responder...
2025-08-31 18:34:38,206 - deadbolt_main - INFO - Initializing detector...
2025-08-31 18:34:39,097 - deadbolt_main - INFO - ML-Enhanced Detection: Active
2025-08-31 18:34:39,097 - deadbolt_main - INFO - ML Model Features: 49
2025-08-31 18:34:39,099 - deadbolt_main - INFO - Initializing filesystem watcher...
2025-08-31 18:34:39,099 - deadbolt_main - INFO - Starting detector monitoring...
2025-08-31 18:34:39,099 - deadbolt_main - INFO - Starting filesystem monitoring...
2025-08-31 18:34:39,101 - deadbolt_main - ERROR - Failed to start Deadbolt Defender: module 'config' has no attribute 'TARGET_DIRS'
2025-08-31 18:34:39,101 - deadbolt_main - WARNING - Deadbolt Defender is not running
2025-08-31 18:35:56,028 - deadbolt_main - INFO - Logging system initialized
2025-08-31 18:35:56,028 - deadbolt_main - INFO - Deadbolt Defender initialized
2025-08-31 18:35:56,028 - deadbolt_main - INFO - Starting Deadbolt Ransomware Defender...
2025-08-31 18:35:56,028 - deadbolt_main - INFO - Initializing responder...
2025-08-31 18:35:56,029 - deadbolt_main - INFO - Initializing detector...
2025-08-31 18:35:56,878 - deadbolt_main - INFO - ML-Enhanced Detection: Active
2025-08-31 18:35:56,878 - deadbolt_main - INFO - ML Model Features: 49
2025-08-31 18:35:56,878 - deadbolt_main - INFO - Initializing filesystem watcher...
2025-08-31 18:35:56,878 - deadbolt_main - INFO - Starting detector monitoring...
2025-08-31 18:35:56,880 - deadbolt_main - INFO - Starting filesystem monitoring...
2025-08-31 18:35:56,883 - deadbolt_main - INFO - Status monitoring started
2025-08-31 18:35:56,883 - deadbolt_main - INFO - Deadbolt Defender started successfully
2025-08-31 18:35:56,883 - deadbolt_main - INFO - Status update - Uptime: 1s, Threats: 0, Responses: 0
2025-08-31 18:35:56,883 - deadbolt_main - INFO - Monitoring directories: ['C:\\Users\\MADHURIMA\\Documents\\testtxt', 'C:\\Users\\MADHURIMA\\Documents']
2025-08-31 18:35:56,883 - deadbolt_main - INFO - Rules: {'mass_delete': {'count': 3, 'interval': 2}, 'mass_rename': {'count': 3, 'interval': 2}, 'mass_modification': {'count': 4, 'interval': 2}}
2025-08-31 18:35:56,883 - deadbolt_main - INFO - Actions enabled: {'log_only': False, 'kill_process': True, 'shutdown': False, 'dry_run': False}
2025-08-31 18:36:56,885 - deadbolt_main - ERROR - Filesystem watcher is not healthy
2025-08-31 18:37:56,886 - deadbolt_main - ERROR - Filesystem watcher is not healthy
2025-08-31 18:38:56,887 - deadbolt_main - ERROR - Filesystem watcher is not healthy
2025-08-31 18:39:56,888 - deadbolt_main - ERROR - Filesystem watcher is not healthy
2025-08-31 18:40:56,888 - deadbolt_main - ERROR - Filesystem watcher is not healthy
2025-08-31 18:41:56,890 - deadbolt_main - ERROR - Filesystem watcher is not healthy
2025-08-31 18:42:56,891 - deadbolt_main - ERROR - Filesystem watcher is not healthy
2025-08-31 18:43:56,892 - deadbolt_main - ERROR - Filesystem watcher is not healthy
2025-08-31 18:44:56,892 - deadbolt_main - ERROR - Filesystem watcher is not healthy
2025-08-31 18:45:56,893 - deadbolt_main - ERROR - Filesystem watcher is not healthy
2025-08-31 18:45:56,893 - deadbolt_main - INFO - Status update - Uptime: 601s, Threats: 0, Responses: 0
2025-08-31 18:45:56,894 - deadbolt_main - INFO - Threat summary: {'mass_modification': 2}
2025-08-31 18:45:56,905 - deadbolt_main - INFO - Response stats: {'total_responses': 1, 'recent_responses_1h': 1, 'response_levels': {'CRITICAL': 1}, 'last_response': datetime.datetime(2025, 8, 31, 18, 36, 9, 735465)}
2025-08-31 18:46:56,906 - deadbolt_main - ERROR - Filesystem watcher is not healthy
2025-08-31 18:47:56,906 - deadbolt_main - ERROR - Filesystem watcher is not healthy
2025-08-31 18:48:56,907 - deadbolt_main - ERROR - Filesystem watcher is not healthy
2025-08-31 18:49:56,907 - deadbolt_main - ERROR - Filesystem watcher is not healthy
2025-08-31 18:50:56,911 - deadbolt_main - ERROR - Filesystem watcher is not healthy
2025-08-31 18:51:30,399 - deadbolt_main - INFO - Logging system initialized
2025-08-31 18:51:30,399 - deadbolt_main - INFO - Deadbolt Defender initialized
2025-08-31 18:51:30,399 - deadbolt_main - INFO - Starting Deadbolt Ransomware Defender...
2025-08-31 18:51:30,399 - deadbolt_main - INFO - Initializing responder...
2025-08-31 18:51:30,403 - deadbolt_main - INFO - Initializing detector...
2025-08-31 18:51:31,568 - deadbolt_main - INFO - ML-Enhanced Detection: Active
2025-08-31 18:51:31,568 - deadbolt_main - INFO - ML Model Features: 49
2025-08-31 18:51:31,570 - deadbolt_main - INFO - Initializing filesystem watcher...
2025-08-31 18:51:31,570 - deadbolt_main - INFO - Starting detector monitoring...
2025-08-31 18:51:31,570 - deadbolt_main - INFO - Starting filesystem monitoring...
2025-08-31 18:51:31,574 - deadbolt_main - INFO - Status monitoring started
2025-08-31 18:51:31,574 - deadbolt_main - INFO - Deadbolt Defender started successfully
2025-08-31 18:51:31,574 - deadbolt_main - INFO - Monitoring directories: ['C:\\Users\\MADHURIMA\\Documents\\testtxt', 'C:\\Users\\MADHURIMA\\Documents']
2025-08-31 18:51:31,574 - deadbolt_main - INFO - Rules: {'mass_delete': {'count': 3, 'interval': 2}, 'mass_rename': {'count': 3, 'interval': 2}, 'mass_modification': {'count': 4, 'interval': 2}}
2025-08-31 18:51:31,574 - deadbolt_main - INFO - Actions enabled: {'log_only': False, 'kill_process': True, 'shutdown': False, 'dry_run': False}
2025-08-31 18:51:41,576 - deadbolt_main - INFO - Stopping Deadbolt Defender...
2025-08-31 18:51:41,576 - deadbolt_main - INFO - Stopping filesystem watcher...
2025-08-31 18:51:41,576 - deadbolt_main - INFO - Stopping detector...
2025-08-31 18:51:41,576 - deadbolt_main - INFO - Shutdown complete. Uptime: 11.2 seconds
2025-08-31 18:51:41,576 - deadbolt_main - INFO - Final stats: {'threats_detected': 0, 'responses_triggered': 0, 'files_monitored': 0, 'uptime_seconds': 11.177604}
2025-08-31 18:51:41,579 - deadbolt_main - INFO - Logging system initialized
2025-08-31 18:51:41,579 - deadbolt_main - INFO - Logging system initialized
2025-08-31 18:51:41,580 - deadbolt_main - INFO - Deadbolt Defender initialized
2025-08-31 18:51:41,580 - deadbolt_main - INFO - Deadbolt Defender initialized
2025-08-31 18:51:56,911 - deadbolt_main - ERROR - Filesystem watcher is not healthy
2025-08-31 18:52:56,912 - deadbolt_main - ERROR - Filesystem watcher is not healthy
2025-08-31 18:53:56,912 - deadbolt_main - ERROR - Filesystem watcher is not healthy
2025-08-31 18:54:07,330 - deadbolt_main - INFO - Logging system initialized
2025-08-31 18:54:07,330 - deadbolt_main - INFO - Deadbolt Defender initialized
2025-08-31 18:54:07,902 - deadbolt_main - INFO - Starting Deadbolt Ransomware Defender...
2025-08-31 18:54:07,902 - deadbolt_main - INFO - Initializing responder...
2025-08-31 18:54:07,908 - deadbolt_main - INFO - Initializing detector...
2025-08-31 18:54:08,815 - deadbolt_main - INFO - ML-Enhanced Detection: Active
2025-08-31 18:54:08,815 - deadbolt_main - INFO - ML Model Features: 49
2025-08-31 18:54:08,815 - deadbolt_main - INFO - Initializing filesystem watcher...
2025-08-31 18:54:08,815 - deadbolt_main - INFO - Starting detector monitoring...
2025-08-31 18:54:08,815 - deadbolt_main - INFO - Starting filesystem monitoring...
2025-08-31 18:54:08,819 - deadbolt_main - INFO - Status monitoring started
2025-08-31 18:54:08,819 - deadbolt_main - INFO - Deadbolt Defender started successfully
2025-08-31 18:54:08,819 - deadbolt_main - INFO - Status update - Uptime: 1s, Threats: 0, Responses: 0
2025-08-31 18:54:08,819 - deadbolt_main - INFO - Monitoring directories: ['C:\\Users\\MADHURIMA\\Documents\\testtxt', 'C:\\Users\\MADHURIMA\\Documents']
2025-08-31 18:54:08,819 - deadbolt_main - INFO - Response stats: {'total_responses': 0, 'critical_responses': 0, 'successful_terminations': 0, 'failed_terminations': 0}
2025-08-31 18:54:08,819 - deadbolt_main - INFO - Rules: {'mass_delete': {'count': 3, 'interval': 2}, 'mass_rename': {'count': 3, 'interval': 2}, 'mass_modification': {'count': 4, 'interval': 2}}
2025-08-31 18:54:08,819 - deadbolt_main - INFO - Actions enabled: {'log_only': False, 'kill_process': True, 'shutdown': False, 'dry_run': False}
2025-08-31 18:54:56,913 - deadbolt_main - ERROR - Filesystem watcher is not healthy
2025-08-31 18:55:56,914 - deadbolt_main - ERROR - Filesystem watcher is not healthy
2025-08-31 18:55:56,914 - deadbolt_main - INFO - Status update - Uptime: 1201s, Threats: 0, Responses: 0
2025-08-31 18:55:56,914 - deadbolt_main - INFO - Threat summary: {'mass_modification': 2}
2025-08-31 18:55:56,925 - deadbolt_main - INFO - Response stats: {'total_responses': 1, 'recent_responses_1h': 1, 'response_levels': {'CRITICAL': 1}, 'last_response': datetime.datetime(2025, 8, 31, 18, 36, 9, 735465)}
2025-08-31 18:56:56,927 - deadbolt_main - ERROR - Filesystem watcher is not healthy
2025-08-31 18:57:05,625 - deadbolt_main - INFO - Logging system initialized
2025-08-31 18:57:05,625 - deadbolt_main - INFO - Deadbolt Defender initialized
2025-08-31 18:57:05,625 - deadbolt_main - INFO - Starting in daemon mode (continuous background protection)
2025-08-31 18:57:05,625 - deadbolt_main - INFO - Starting Deadbolt Ransomware Defender...
2025-08-31 18:57:05,625 - deadbolt_main - INFO - Initializing responder...
2025-08-31 18:57:05,631 - deadbolt_main - INFO - Initializing detector...
2025-08-31 18:57:06,456 - deadbolt_main - INFO - ML-Enhanced Detection: Active
2025-08-31 18:57:06,456 - deadbolt_main - INFO - ML Model Features: 49
2025-08-31 18:57:06,456 - deadbolt_main - INFO - Initializing filesystem watcher...
2025-08-31 18:57:06,458 - deadbolt_main - INFO - Starting detector monitoring...
2025-08-31 18:57:06,458 - deadbolt_main - INFO - Starting filesystem monitoring...
2025-08-31 18:57:06,461 - deadbolt_main - INFO - Status monitoring started
2025-08-31 18:57:06,461 - deadbolt_main - INFO - Deadbolt Defender started successfully
2025-08-31 18:57:06,461 - deadbolt_main - INFO - Status update - Uptime: 1s, Threats: 0, Responses: 0
2025-08-31 18:57:06,461 - deadbolt_main - INFO - Monitoring directories: ['C:\\Users\\MADHURIMA\\Documents\\testtxt', 'C:\\Users\\MADHURIMA\\Documents']
2025-08-31 18:57:06,461 - deadbolt_main - INFO - Response stats: {'total_responses': 0, 'critical_responses': 0, 'successful_terminations': 0, 'failed_terminations': 0}
2025-08-31 18:57:06,461 - deadbolt_main - INFO - Rules: {'mass_delete': {'count': 3, 'interval': 2}, 'mass_rename': {'count': 3, 'interval': 2}, 'mass_modification': {'count': 4, 'interval': 2}}
2025-08-31 18:57:06,461 - deadbolt_main - INFO - Actions enabled: {'log_only': False, 'kill_process': True, 'shutdown': False, 'dry_run': False}
2025-08-31 18:57:56,927 - deadbolt_main - ERROR - Filesystem watcher is not healthy
2025-08-31 18:58:56,928 - deadbolt_main - ERROR - Filesystem watcher is not healthy
