
==================================================
FINAL TEST STARTED: 2025-08-30 03:35:21
==================================================

==================================================
FINAL TEST STARTED: 2025-08-30 03:36:07
==================================================
2025-08-30 03:44:39,648 - INFO - Threat Responder initialized
2025-08-30 03:44:39,648 - WARNING - Running without administrator privileges - some process termination may fail

============================================================
BEHAVIOR TEST STARTED: 2025-08-30 03:49:51.331727
============================================================
2025-08-30 03:49:54,381 - INFO - Threat Responder initialized
2025-08-30 03:49:54,382 - WARNING - Running without administrator privileges - some process termination may fail
2025-08-30 03:50:29,566 - CRITICAL - THREAT RESPONSE INITIATED - Level: CRITICAL
2025-08-30 03:50:29,567 - CRITICAL - Threat Type: mass_modification
2025-08-30 03:50:29,567 - CRITICAL - Description: Mass file modification detected: 8 files modified in 5 seconds (potential encryption)
2025-08-30 03:50:29,567 - CRITICAL - Target PIDs: []
2025-08-30 03:50:29,567 - CRITICAL - EXECUTING EMERGENCY RESPONSE MEASURES - ACTIVE THREAT HUNTING
2025-08-30 03:50:29,950 - INFO - No active threats identified during emergency scan
2025-08-30 03:50:29,950 - INFO - Implementing protective measures
2025-08-30 03:50:29,962 - INFO - All suspicious processes successfully terminated
2025-08-30 03:50:30,214 - CRITICAL - THREAT RESPONSE INITIATED - Level: CRITICAL
2025-08-30 03:50:30,214 - CRITICAL - Threat Type: mass_modification
2025-08-30 03:50:30,214 - CRITICAL - Description: Mass file modification detected: 8 files modified in 5 seconds (potential encryption)
2025-08-30 03:50:30,214 - CRITICAL - Target PIDs: []
2025-08-30 03:50:30,214 - CRITICAL - EXECUTING EMERGENCY RESPONSE MEASURES - ACTIVE THREAT HUNTING
2025-08-30 03:50:30,494 - INFO - No active threats identified during emergency scan
2025-08-30 03:50:30,494 - INFO - Implementing protective measures
2025-08-30 03:50:30,502 - INFO - All suspicious processes successfully terminated
2025-08-30 03:50:30,713 - CRITICAL - THREAT RESPONSE INITIATED - Level: CRITICAL
2025-08-30 03:50:30,713 - CRITICAL - Threat Type: mass_modification
2025-08-30 03:50:30,713 - CRITICAL - Description: Mass file modification detected: 9 files modified in 5 seconds (potential encryption)
2025-08-30 03:50:30,713 - CRITICAL - Target PIDs: [21124, 10816, 9148, 2164, 4784, 21908, 20960, 12292, 9848]
2025-08-30 03:50:30,713 - CRITICAL - Attempting to terminate 9 suspicious processes
2025-08-30 03:50:30,713 - INFO - Attempting Python termination of powershell.exe (PID: 21124)
2025-08-30 03:50:30,727 - INFO - Successfully terminated powershell.exe (PID: 21124) gracefully
2025-08-30 03:50:30,728 - INFO - Attempting Python termination of conhost.exe (PID: 10816)
2025-08-30 03:50:30,737 - INFO - Successfully terminated conhost.exe (PID: 10816) gracefully
2025-08-30 03:50:30,737 - INFO - Attempting Python termination of powershell.exe (PID: 9148)
2025-08-30 03:50:30,753 - INFO - Successfully terminated powershell.exe (PID: 9148) gracefully
2025-08-30 03:50:30,753 - INFO - Attempting Python termination of python.exe (PID: 2164)
2025-08-30 03:50:30,764 - INFO - Successfully terminated python.exe (PID: 2164) gracefully
2025-08-30 03:50:30,767 - INFO - Attempting Python termination of python.exe (PID: 4784)
2025-08-30 03:50:37,173 - INFO - Threat Responder initialized
2025-08-30 03:50:37,173 - WARNING - Running without administrator privileges - some process termination may fail
2025-08-30 03:50:59,977 - CRITICAL - THREAT RESPONSE INITIATED - Level: CRITICAL
2025-08-30 03:50:59,977 - CRITICAL - Threat Type: mass_delete
2025-08-30 03:50:59,977 - CRITICAL - Description: Mass file deletion detected: 6 files deleted in 5 seconds
2025-08-30 03:50:59,977 - CRITICAL - Target PIDs: []
2025-08-30 03:50:59,977 - CRITICAL - EXECUTING EMERGENCY RESPONSE MEASURES - ACTIVE THREAT HUNTING
2025-08-30 03:51:00,345 - INFO - No active threats identified during emergency scan
2025-08-30 03:51:00,345 - INFO - Implementing protective measures
2025-08-30 03:51:00,359 - INFO - All suspicious processes successfully terminated
2025-08-30 03:51:00,622 - CRITICAL - THREAT RESPONSE INITIATED - Level: CRITICAL
2025-08-30 03:51:00,622 - CRITICAL - Threat Type: mass_delete
2025-08-30 03:51:00,622 - CRITICAL - Description: Mass file deletion detected: 7 files deleted in 5 seconds
2025-08-30 03:51:00,622 - CRITICAL - Target PIDs: []
2025-08-30 03:51:00,622 - CRITICAL - EXECUTING EMERGENCY RESPONSE MEASURES - ACTIVE THREAT HUNTING
2025-08-30 03:51:00,894 - INFO - No active threats identified during emergency scan
2025-08-30 03:51:00,894 - INFO - Implementing protective measures
2025-08-30 03:51:00,900 - INFO - All suspicious processes successfully terminated
2025-08-30 03:51:01,157 - CRITICAL - THREAT RESPONSE INITIATED - Level: CRITICAL
2025-08-30 03:51:01,157 - CRITICAL - Threat Type: mass_delete
2025-08-30 03:51:01,157 - CRITICAL - Description: Mass file deletion detected: 8 files deleted in 5 seconds
2025-08-30 03:51:01,157 - CRITICAL - Target PIDs: [21128, 21908, 20960, 9848, 19812, 11128, 20804, 19264, 12884, 7084]
2025-08-30 03:51:01,157 - CRITICAL - Attempting to terminate 10 suspicious processes
2025-08-30 03:51:01,157 - INFO - Attempting Python termination of conhost.exe (PID: 21128)
2025-08-30 03:51:01,168 - INFO - Successfully terminated conhost.exe (PID: 21128) gracefully
2025-08-30 03:51:01,168 - INFO - Attempting Python termination of conhost.exe (PID: 21908)
2025-08-30 03:51:01,180 - INFO - Successfully terminated conhost.exe (PID: 21908) gracefully
2025-08-30 03:51:01,180 - INFO - Attempting Python termination of powershell.exe (PID: 20960)
2025-08-30 03:51:01,201 - INFO - Successfully terminated powershell.exe (PID: 20960) gracefully
2025-08-30 03:51:01,201 - INFO - Attempting Python termination of conhost.exe (PID: 9848)
2025-08-30 03:51:01,216 - INFO - Successfully terminated conhost.exe (PID: 9848) gracefully
2025-08-30 03:51:01,216 - INFO - Attempting Python termination of python.exe (PID: 19812)
2025-08-30 03:57:01,672 - INFO - Threat Responder initialized
2025-08-30 03:57:01,672 - WARNING - Running without administrator privileges - some process termination may fail
2025-08-30 03:57:37,853 - CRITICAL - THREAT RESPONSE INITIATED - Level: CRITICAL
2025-08-30 03:57:37,853 - CRITICAL - Threat Type: mass_modification
2025-08-30 03:57:37,853 - CRITICAL - Description: Mass file modification detected: 8 files modified in 5 seconds (potential encryption)
2025-08-30 03:57:37,853 - CRITICAL - Target PIDs: [14408, 20616, 11612, 12184, 14068, 9064, 2848, 9560]
2025-08-30 03:57:37,853 - CRITICAL - Attempting to terminate 8 suspicious processes
2025-08-30 03:57:37,853 - INFO - Attempting Python termination of conhost.exe (PID: 14408)
2025-08-30 03:57:37,865 - INFO - Successfully terminated conhost.exe (PID: 14408) gracefully
2025-08-30 03:57:37,865 - INFO - Attempting Python termination of python.exe (PID: 20616)
2025-08-30 03:57:37,879 - INFO - Successfully terminated python.exe (PID: 20616) gracefully
2025-08-30 03:57:37,879 - INFO - Attempting Python termination of python.exe (PID: 11612)
2025-08-30 03:59:00,483 - INFO - Threat Responder initialized
2025-08-30 03:59:00,490 - WARNING - Running without administrator privileges - some process termination may fail
2025-08-30 03:59:38,892 - CRITICAL - THREAT RESPONSE INITIATED - Level: CRITICAL
2025-08-30 03:59:38,892 - CRITICAL - Threat Type: mass_modification
2025-08-30 03:59:38,893 - CRITICAL - Description: Mass file modification detected: 8 files modified in 5 seconds (potential encryption)
2025-08-30 03:59:38,893 - CRITICAL - Target PIDs: [11760, 9876, 16812, 13104, 16752, 8792, 19264]
2025-08-30 03:59:38,893 - CRITICAL - Attempting to terminate 7 suspicious processes
2025-08-30 03:59:38,893 - INFO - Attempting Python termination of conhost.exe (PID: 11760)
2025-08-30 03:59:38,907 - INFO - Successfully terminated conhost.exe (PID: 11760) gracefully
2025-08-30 03:59:38,907 - INFO - Attempting Python termination of python.exe (PID: 9876)
2025-08-30 03:59:38,921 - INFO - Successfully terminated python.exe (PID: 9876) gracefully
2025-08-30 03:59:38,921 - INFO - Attempting Python termination of powershell.exe (PID: 16812)
2025-08-30 03:59:38,938 - INFO - Successfully terminated powershell.exe (PID: 16812) gracefully
2025-08-30 03:59:38,938 - INFO - Attempting Python termination of powershell.exe (PID: 16752)
2025-08-30 03:59:38,956 - INFO - Successfully terminated powershell.exe (PID: 16752) gracefully
2025-08-30 03:59:38,956 - INFO - Attempting Python termination of python.exe (PID: 8792)
2025-08-30 04:12:00,358 - INFO - Threat Responder initialized
2025-08-30 04:12:16,862 - CRITICAL - THREAT RESPONSE INITIATED - Level: CRITICAL
2025-08-30 04:12:16,862 - CRITICAL - Threat Type: mass_delete
2025-08-30 04:12:16,862 - CRITICAL - Description: Mass file deletion detected: 6 files deleted in 5 seconds
2025-08-30 04:12:16,862 - CRITICAL - Target PIDs: [14088, 19504, 19264, 14840, 4552, 12184, 14068, 21992, 9064, 19372]
2025-08-30 04:12:16,862 - CRITICAL - Attempting to terminate 10 suspicious processes
2025-08-30 04:12:16,862 - INFO - Attempting Python termination of smartscreen.exe (PID: 14088)
2025-08-30 04:12:16,870 - INFO - Successfully terminated smartscreen.exe (PID: 14088) gracefully
2025-08-30 04:12:16,871 - INFO - Attempting Python termination of conhost.exe (PID: 19504)
2025-08-30 04:12:16,885 - INFO - Successfully terminated conhost.exe (PID: 19504) gracefully
2025-08-30 04:12:16,885 - INFO - Attempting Python termination of conhost.exe (PID: 19264)
2025-08-30 04:12:16,901 - INFO - Successfully terminated conhost.exe (PID: 19264) gracefully
2025-08-30 04:12:16,901 - INFO - Attempting Python termination of conhost.exe (PID: 14840)
2025-08-30 04:12:16,921 - INFO - Successfully terminated conhost.exe (PID: 14840) gracefully
2025-08-30 04:12:16,921 - INFO - Attempting Python termination of audiodg.exe (PID: 4552)
2025-08-30 04:12:16,940 - INFO - Successfully terminated audiodg.exe (PID: 4552) gracefully
2025-08-30 04:12:16,940 - INFO - Attempting Python termination of conhost.exe (PID: 12184)
2025-08-30 04:12:16,957 - INFO - Successfully terminated conhost.exe (PID: 12184) gracefully
2025-08-30 04:12:16,957 - INFO - Attempting Python termination of powershell.exe (PID: 14068)
2025-08-30 04:12:16,982 - INFO - Successfully terminated powershell.exe (PID: 14068) gracefully
2025-08-30 04:12:16,984 - INFO - Attempting Python termination of python.exe (PID: 21992)
2025-08-30 04:20:28,612 - INFO - Threat Responder initialized
2025-08-30 04:20:49,118 - CRITICAL - THREAT RESPONSE INITIATED - Level: CRITICAL
2025-08-30 04:20:49,118 - CRITICAL - Threat Type: mass_modification
2025-08-30 04:20:49,118 - CRITICAL - Description: Mass file modification detected: 8 files modified in 5 seconds (potential encryption)
2025-08-30 04:20:49,118 - CRITICAL - Target PIDs: [20292, 14824, 12664, 18528, 13948, 2496, 7068, 12616, 17880, 19100]
2025-08-30 04:20:49,118 - CRITICAL - Attempting to terminate 10 suspicious processes
2025-08-30 04:20:49,119 - INFO - Attempting Python termination of conhost.exe (PID: 20292)
2025-08-30 04:20:49,141 - INFO - Successfully terminated conhost.exe (PID: 20292) gracefully
2025-08-30 04:20:49,141 - INFO - Attempting Python termination of python.exe (PID: 14824)
2025-08-30 04:51:21,432 - INFO - Threat Responder initialized
2025-08-30 04:51:36,646 - CRITICAL - THREAT RESPONSE INITIATED - Level: CRITICAL
2025-08-30 04:51:36,646 - CRITICAL - Threat Type: mass_delete
2025-08-30 04:51:36,646 - CRITICAL - Description: Mass file deletion detected: 3 files deleted in 2 seconds
2025-08-30 04:51:36,646 - CRITICAL - Target PIDs: [19852, 12276, 19960, 12352, 4952, 21172, 8428, 10376]
2025-08-30 04:51:36,646 - CRITICAL - Attempting to terminate 8 suspicious processes
2025-08-30 04:51:36,646 - INFO - INSTANT KILL of smartscreen.exe (PID: 19852)
2025-08-30 04:51:36,655 - INFO - Successfully FORCE-KILLED smartscreen.exe (PID: 19852)
2025-08-30 04:51:36,655 - INFO - INSTANT KILL of cmd.exe (PID: 12276)
2025-08-30 04:51:36,668 - INFO - Successfully FORCE-KILLED cmd.exe (PID: 12276)
2025-08-30 04:51:36,668 - INFO - INSTANT KILL of python.exe (PID: 19960)
2025-08-30 04:54:29,317 - INFO - Threat Responder initialized
2025-08-30 04:54:41,993 - CRITICAL - THREAT RESPONSE INITIATED - Level: CRITICAL
2025-08-30 04:54:41,994 - CRITICAL - Threat Type: mass_modification
2025-08-30 04:54:41,994 - CRITICAL - Description: Mass file modification detected: 4 files modified in 2 seconds (potential encryption)
2025-08-30 04:54:41,994 - CRITICAL - Target PIDs: [11028, 10376, 8428, 3108, 15016, 8288, 12352, 6204]
2025-08-30 04:54:41,994 - CRITICAL - Attempting to terminate 8 suspicious processes
2025-08-30 04:54:41,994 - INFO - INSTANT KILL of python.exe (PID: 11028)
2025-08-30 04:54:42,007 - INFO - Successfully FORCE-KILLED python.exe (PID: 11028)
2025-08-30 04:54:42,009 - INFO - INSTANT KILL of audiodg.exe (PID: 10376)
2025-08-30 04:54:42,034 - INFO - Successfully FORCE-KILLED audiodg.exe (PID: 10376)
2025-08-30 04:54:42,035 - INFO - INSTANT KILL of powershell.exe (PID: 8428)
2025-08-30 04:54:42,062 - INFO - Successfully FORCE-KILLED powershell.exe (PID: 8428)
2025-08-30 04:54:42,062 - INFO - INSTANT KILL of cmd.exe (PID: 3108)
2025-08-30 04:54:42,075 - INFO - Successfully FORCE-KILLED cmd.exe (PID: 3108)
2025-08-30 04:54:42,075 - INFO - INSTANT KILL of smartscreen.exe (PID: 15016)
2025-08-30 04:54:42,086 - INFO - Successfully FORCE-KILLED smartscreen.exe (PID: 15016)
2025-08-30 04:54:42,087 - INFO - INSTANT KILL of python.exe (PID: 8288)
2025-08-30 04:59:55,771 - INFO - Threat Responder initialized
2025-08-30 04:59:55,773 - WARNING - Running without administrator privileges - some process termination may fail
2025-08-30 05:06:08,512 - INFO - Threat Responder initialized
2025-08-30 05:06:08,513 - WARNING - Running without administrator privileges - some process termination may fail
2025-08-30 05:06:39,340 - INFO - Threat Responder initialized
2025-08-30 05:09:35,029 - INFO - Threat Responder initialized
2025-08-30 05:09:35,030 - WARNING - Running without administrator privileges - some process termination may fail
2025-08-30 05:10:09,179 - INFO - Threat Responder initialized
2025-08-30 05:23:43,691 - INFO - Threat Responder initialized
2025-08-30 05:23:43,691 - WARNING - Running without administrator privileges - some process termination may fail
2025-08-30 05:30:15,953 - INFO - Threat Responder initialized
2025-08-30 05:30:28,706 - CRITICAL - THREAT RESPONSE INITIATED - Level: CRITICAL
2025-08-30 05:30:28,706 - CRITICAL - Threat Type: mass_modification
2025-08-30 05:30:28,706 - CRITICAL - Description: Mass file modification detected: 4 files modified in 2 seconds (potential encryption)
2025-08-30 05:30:28,706 - CRITICAL - Target PIDs: [14368, 5028, 19808, 9364, 12312, 20968, 13352, 18748]
2025-08-30 05:30:28,706 - CRITICAL - Attempting to terminate 8 suspicious processes
2025-08-30 05:30:28,706 - INFO - INSTANT KILL of cmd.exe (PID: 14368)
2025-08-30 05:30:28,722 - INFO - Successfully FORCE-KILLED cmd.exe (PID: 14368)
2025-08-30 05:30:28,723 - INFO - INSTANT KILL of conhost.exe (PID: 5028)
2025-08-30 05:30:28,743 - INFO - Successfully FORCE-KILLED conhost.exe (PID: 5028)
2025-08-30 05:30:28,744 - INFO - INSTANT KILL of conhost.exe (PID: 19808)
2025-08-30 05:30:28,762 - INFO - Successfully FORCE-KILLED conhost.exe (PID: 19808)
2025-08-30 05:30:28,763 - INFO - INSTANT KILL of python.exe (PID: 9364)
2025-08-30 05:30:28,787 - INFO - Successfully FORCE-KILLED python.exe (PID: 9364)
2025-08-30 05:30:28,787 - INFO - INSTANT KILL of conhost.exe (PID: 12312)
2025-08-30 05:30:28,811 - INFO - Successfully FORCE-KILLED conhost.exe (PID: 12312)
2025-08-30 05:30:28,811 - INFO - INSTANT KILL of powershell.exe (PID: 20968)
2025-08-30 05:30:28,830 - INFO - Successfully FORCE-KILLED powershell.exe (PID: 20968)
2025-08-30 05:30:28,830 - INFO - INSTANT KILL of python.exe (PID: 13352)
2025-08-31 00:54:14,179 - INFO - Threat Responder initialized
2025-08-31 01:01:07,689 - INFO - Threat Responder initialized
2025-08-31 01:01:23,556 - CRITICAL - THREAT RESPONSE INITIATED - Level: CRITICAL
2025-08-31 01:01:23,556 - CRITICAL - Threat Type: mass_modification
2025-08-31 01:01:23,556 - CRITICAL - Description: Mass file modification detected: 4 files modified in 2 seconds (potential encryption)
2025-08-31 01:01:23,556 - CRITICAL - Target PIDs: [19376, 3316, 23172, 6244, 2272, 21008, 2648, 20912, 9712, 6588]
2025-08-31 01:01:23,556 - CRITICAL - Attempting to terminate 10 suspicious processes
2025-08-31 01:01:23,556 - INFO - INSTANT KILL of smartscreen.exe (PID: 19376)
2025-08-31 01:01:23,574 - INFO - Successfully FORCE-KILLED smartscreen.exe (PID: 19376)
2025-08-31 01:01:23,574 - INFO - INSTANT KILL of cmd.exe (PID: 3316)
2025-08-31 01:01:23,594 - INFO - Successfully FORCE-KILLED cmd.exe (PID: 3316)
2025-08-31 01:01:23,594 - INFO - INSTANT KILL of python.exe (PID: 23172)
2025-08-31 01:01:23,613 - INFO - Successfully FORCE-KILLED python.exe (PID: 23172)
2025-08-31 01:01:23,613 - INFO - INSTANT KILL of WmiPrvSE.exe (PID: 6244)
2025-08-31 01:01:23,644 - INFO - Successfully FORCE-KILLED WmiPrvSE.exe (PID: 6244)
2025-08-31 01:01:23,644 - INFO - INSTANT KILL of powershell.exe (PID: 2272)
2025-08-31 01:01:23,670 - INFO - Successfully FORCE-KILLED powershell.exe (PID: 2272)
2025-08-31 01:01:23,671 - INFO - INSTANT KILL of cmd.exe (PID: 21008)
2025-08-31 01:01:23,687 - INFO - Successfully FORCE-KILLED cmd.exe (PID: 21008)
2025-08-31 01:01:23,687 - INFO - INSTANT KILL of conhost.exe (PID: 2648)
2025-08-31 01:01:23,706 - INFO - Successfully FORCE-KILLED conhost.exe (PID: 2648)
2025-08-31 01:01:23,706 - INFO - INSTANT KILL of powershell.exe (PID: 20912)
2025-08-31 01:01:23,739 - INFO - Successfully FORCE-KILLED powershell.exe (PID: 20912)
2025-08-31 01:01:23,739 - INFO - INSTANT KILL of python.exe (PID: 9712)
2025-08-31 01:38:22,522 - INFO - Threat Responder initialized
2025-08-31 01:38:22,522 - WARNING - Running without administrator privileges - some process termination may fail
2025-08-31 02:11:30,070 - INFO - Threat Responder initialized
2025-08-31 02:11:55,379 - INFO - Threat Responder initialized
2025-08-31 02:11:55,380 - WARNING - Running without administrator privileges - some process termination may fail
2025-08-31 02:12:27,214 - CRITICAL - THREAT RESPONSE INITIATED - Level: CRITICAL
2025-08-31 02:12:27,214 - CRITICAL - Threat Type: mass_modification
2025-08-31 02:12:27,214 - CRITICAL - Description: Mass file modification detected: 4 files modified in 2 seconds (potential encryption)
2025-08-31 02:12:27,214 - CRITICAL - Target PIDs: [18104, 17748, 14620, 21492, 18444, 15772, 19564, 14148, 13820]
2025-08-31 02:12:27,214 - CRITICAL - Attempting to terminate 9 suspicious processes
2025-08-31 02:12:27,214 - INFO - INSTANT KILL of python.exe (PID: 18104)
2025-08-31 02:12:27,296 - INFO - Successfully FORCE-KILLED python.exe (PID: 18104)
2025-08-31 02:12:27,296 - INFO - INSTANT KILL of python.exe (PID: 17748)
2025-08-31 02:12:28,748 - INFO - Threat Responder initialized
2025-08-31 02:20:21,262 - INFO - Threat Responder initialized
2025-08-31 02:20:41,680 - CRITICAL - THREAT RESPONSE INITIATED - Level: CRITICAL
2025-08-31 02:20:41,680 - CRITICAL - Threat Type: mass_modification
2025-08-31 02:20:41,680 - CRITICAL - Description: Mass file modification detected: 4 files modified in 2 seconds (potential encryption)
2025-08-31 02:20:41,680 - CRITICAL - Target PIDs: [13148, 7860, 23436, 2952, 13768, 9224, 19536]
2025-08-31 02:20:41,680 - CRITICAL - Attempting to terminate 7 suspicious processes
2025-08-31 02:20:41,682 - INFO - INSTANT KILL of audiodg.exe (PID: 13148)
2025-08-31 02:20:41,707 - INFO - Successfully FORCE-KILLED audiodg.exe (PID: 13148)
2025-08-31 02:20:41,707 - INFO - INSTANT KILL of python.exe (PID: 7860)
2025-08-31 02:20:41,721 - INFO - Successfully FORCE-KILLED python.exe (PID: 7860)
2025-08-31 02:20:41,721 - INFO - INSTANT KILL of WmiPrvSE.exe (PID: 23436)
2025-08-31 02:20:41,745 - INFO - Successfully FORCE-KILLED WmiPrvSE.exe (PID: 23436)
2025-08-31 02:20:41,746 - INFO - INSTANT KILL of conhost.exe (PID: 2952)
2025-08-31 02:20:41,790 - INFO - Successfully FORCE-KILLED conhost.exe (PID: 2952)
2025-08-31 02:20:41,790 - INFO - INSTANT KILL of smartscreen.exe (PID: 13768)
2025-08-31 02:20:41,814 - INFO - Successfully FORCE-KILLED smartscreen.exe (PID: 13768)
2025-08-31 02:20:41,814 - INFO - INSTANT KILL of python.exe (PID: 9224)
2025-08-31 18:22:30,110 - INFO - Threat Responder initialized
2025-08-31 18:22:48,622 - CRITICAL - THREAT RESPONSE INITIATED - Level: CRITICAL
2025-08-31 18:22:48,622 - CRITICAL - Threat Type: mass_modification
2025-08-31 18:22:48,622 - CRITICAL - Description: Mass file modification detected: 4 files modified in 2 seconds (potential encryption)
2025-08-31 18:22:48,622 - CRITICAL - Target PIDs: [16272, 18812, 16472, 16300, 15968, 3488, 18224, 18124, 1516]
2025-08-31 18:22:48,622 - CRITICAL - Attempting to terminate 9 suspicious processes
2025-08-31 18:22:48,622 - INFO - INSTANT KILL of conhost.exe (PID: 16272)
2025-08-31 18:22:48,638 - INFO - Successfully FORCE-KILLED conhost.exe (PID: 16272)
2025-08-31 18:22:48,638 - INFO - INSTANT KILL of python.exe (PID: 18812)
2025-08-31 18:23:41,925 - INFO - Threat Responder initialized
2025-08-31 18:23:59,165 - CRITICAL - THREAT RESPONSE INITIATED - Level: CRITICAL
2025-08-31 18:23:59,166 - CRITICAL - Threat Type: mass_modification
2025-08-31 18:23:59,166 - CRITICAL - Description: Mass file modification detected: 4 files modified in 2 seconds (potential encryption)
2025-08-31 18:23:59,166 - CRITICAL - Target PIDs: [16472, 11312, 18196, 19968, 15796, 11692, 7460, 18360, 13224]
2025-08-31 18:23:59,166 - CRITICAL - Attempting to terminate 9 suspicious processes
2025-08-31 18:23:59,166 - INFO - INSTANT KILL of WmiPrvSE.exe (PID: 16472)
2025-08-31 18:23:59,180 - INFO - Successfully FORCE-KILLED WmiPrvSE.exe (PID: 16472)
2025-08-31 18:23:59,180 - INFO - INSTANT KILL of python.exe (PID: 11312)
2025-08-31 18:23:59,188 - INFO - Successfully FORCE-KILLED python.exe (PID: 11312)
2025-08-31 18:23:59,188 - INFO - INSTANT KILL of python.exe (PID: 18196)
2025-08-31 18:24:00,532 - INFO - Threat Responder initialized
2025-08-31 18:31:46,977 - INFO - Threat Responder initialized
2025-08-31 18:31:46,977 - WARNING - Running without administrator privileges - some process termination may fail
2025-08-31 18:32:25,482 - INFO - Threat Responder initialized
2025-08-31 18:32:25,484 - WARNING - Running without administrator privileges - some process termination may fail
2025-08-31 18:32:28,496 - CRITICAL - THREAT RESPONSE INITIATED - Level: CRITICAL
2025-08-31 18:32:28,496 - CRITICAL - Threat Type: mass_modification
2025-08-31 18:32:28,496 - CRITICAL - Description: Mass file encryption detected - 25 files modified in 2 seconds
2025-08-31 18:32:28,496 - CRITICAL - Target PIDs: [1234, 5678]
2025-08-31 18:32:29,426 - CRITICAL - Attempting to terminate 2 suspicious processes
2025-08-31 18:32:29,426 - CRITICAL - EXECUTING EMERGENCY RESPONSE MEASURES - ACTIVE THREAT HUNTING
2025-08-31 18:32:29,954 - INFO - No active threats identified during emergency scan
2025-08-31 18:32:29,954 - INFO - Implementing protective measures
2025-08-31 18:32:29,962 - INFO - All suspicious processes successfully terminated
2025-08-31 18:32:35,810 - INFO - Threat Responder initialized
2025-08-31 18:32:35,810 - INFO - Threat Responder initialized
2025-08-31 18:32:35,810 - WARNING - Running without administrator privileges - some process termination may fail
2025-08-31 18:32:35,810 - WARNING - Running without administrator privileges - some process termination may fail
2025-08-31 18:32:35,812 - CRITICAL - THREAT RESPONSE INITIATED - Level: CRITICAL
2025-08-31 18:32:35,812 - CRITICAL - THREAT RESPONSE INITIATED - Level: CRITICAL
2025-08-31 18:32:35,812 - CRITICAL - Threat Type: mass_encryption
2025-08-31 18:32:35,812 - CRITICAL - Threat Type: mass_encryption
2025-08-31 18:32:35,812 - CRITICAL - Description: Ransomware detected encrypting user files
2025-08-31 18:32:35,812 - CRITICAL - Description: Ransomware detected encrypting user files
2025-08-31 18:32:35,812 - CRITICAL - Target PIDs: [9999, 8888]
2025-08-31 18:32:35,812 - CRITICAL - Target PIDs: [9999, 8888]
2025-08-31 18:32:36,742 - CRITICAL - Attempting to terminate 2 suspicious processes
2025-08-31 18:32:36,742 - CRITICAL - Attempting to terminate 2 suspicious processes
2025-08-31 18:32:36,742 - CRITICAL - EXECUTING EMERGENCY RESPONSE MEASURES - ACTIVE THREAT HUNTING
2025-08-31 18:32:36,742 - CRITICAL - EXECUTING EMERGENCY RESPONSE MEASURES - ACTIVE THREAT HUNTING
2025-08-31 18:32:37,022 - INFO - No active threats identified during emergency scan
2025-08-31 18:32:37,022 - INFO - No active threats identified during emergency scan
2025-08-31 18:32:37,022 - INFO - Implementing protective measures
2025-08-31 18:32:37,022 - INFO - Implementing protective measures
2025-08-31 18:32:37,030 - INFO - All suspicious processes successfully terminated
2025-08-31 18:32:37,030 - INFO - All suspicious processes successfully terminated
2025-08-31 18:34:12,253 - INFO - Threat Responder initialized
2025-08-31 18:34:35,964 - CRITICAL - THREAT RESPONSE INITIATED - Level: CRITICAL
2025-08-31 18:34:35,964 - CRITICAL - Threat Type: mass_modification
2025-08-31 18:34:35,964 - CRITICAL - Description: Mass file modification detected: 4 files modified in 2 seconds (potential encryption)
2025-08-31 18:34:35,964 - CRITICAL - Target PIDs: [14276, 9016, 10164, 22668, 9168, 5436, 9324, 8240, 20644]
2025-08-31 18:34:36,912 - CRITICAL - Attempting to terminate 9 suspicious processes
2025-08-31 18:34:36,912 - INFO - INSTANT KILL of python.exe (PID: 14276)
2025-08-31 18:34:38,202 - INFO - Threat Responder initialized
2025-08-31 18:35:56,028 - INFO - Threat Responder initialized
2025-08-31 18:36:09,735 - CRITICAL - THREAT RESPONSE INITIATED - Level: CRITICAL
2025-08-31 18:36:09,735 - CRITICAL - Threat Type: mass_modification
2025-08-31 18:36:09,735 - CRITICAL - Description: Mass file modification detected: 4 files modified in 2 seconds (potential encryption)
2025-08-31 18:36:09,735 - CRITICAL - Target PIDs: [20644, 17276, 11412, 14112, 16572, 20428, 5436, 18672]
2025-08-31 18:36:10,681 - CRITICAL - Attempting to terminate 8 suspicious processes
2025-08-31 18:36:10,681 - INFO - INSTANT KILL of smartscreen.exe (PID: 20644)
2025-08-31 18:36:10,688 - INFO - Successfully FORCE-KILLED smartscreen.exe (PID: 20644)
2025-08-31 18:36:10,688 - INFO - INSTANT KILL of cmd.exe (PID: 17276)
2025-08-31 18:36:10,698 - INFO - Successfully FORCE-KILLED cmd.exe (PID: 17276)
2025-08-31 18:36:10,698 - INFO - INSTANT KILL of WindowsTerminal.exe (PID: 11412)
2025-08-31 18:36:10,772 - INFO - Successfully FORCE-KILLED WindowsTerminal.exe (PID: 11412)
2025-08-31 18:36:10,793 - INFO - Process 14112 already terminated
2025-08-31 18:36:10,795 - INFO - INSTANT KILL of cmd.exe (PID: 20428)
2025-08-31 18:36:10,805 - INFO - Successfully FORCE-KILLED cmd.exe (PID: 20428)
2025-08-31 18:36:10,805 - INFO - INSTANT KILL of WmiPrvSE.exe (PID: 5436)
2025-08-31 18:36:10,810 - INFO - Successfully FORCE-KILLED WmiPrvSE.exe (PID: 5436)
2025-08-31 18:36:10,810 - INFO - INSTANT KILL of conhost.exe (PID: 18672)
2025-08-31 18:36:10,828 - INFO - Successfully FORCE-KILLED conhost.exe (PID: 18672)
2025-08-31 18:36:10,828 - INFO - Python termination successful for 7 processes
2025-08-31 18:36:10,838 - INFO - All target processes successfully terminated by Python method
2025-08-31 18:36:10,838 - CRITICAL - EXECUTING EMERGENCY RESPONSE MEASURES - ACTIVE THREAT HUNTING
2025-08-31 18:36:10,858 - INFO - No active threats identified during emergency scan
2025-08-31 18:36:10,858 - INFO - Implementing protective measures
2025-08-31 18:36:10,888 - INFO - All suspicious processes successfully terminated
2025-08-31 18:51:30,399 - INFO - Threat Responder initialized
2025-08-31 18:51:30,403 - WARNING - Running without administrator privileges - some process termination may fail
2025-08-31 18:51:41,587 - INFO - Threat Responder initialized
2025-08-31 18:51:41,587 - INFO - Threat Responder initialized
2025-08-31 18:51:41,588 - WARNING - Running without administrator privileges - some process termination may fail
2025-08-31 18:51:41,588 - WARNING - Running without administrator privileges - some process termination may fail
2025-08-31 18:54:07,902 - INFO - Threat Responder initialized
2025-08-31 18:56:16,616 - CRITICAL - THREAT RESPONSE INITIATED - Level: CRITICAL
2025-08-31 18:56:16,616 - CRITICAL - Threat Type: mass_modification
2025-08-31 18:56:16,616 - CRITICAL - Description: Mass file modification detected: 4 files modified in 2 seconds (potential encryption)
2025-08-31 18:56:16,616 - CRITICAL - Target PIDs: [20828, 22864, 13208, 17544, 9568, 14740, 11168, 20200]
2025-08-31 18:56:17,566 - CRITICAL - Attempting to terminate 8 suspicious processes
2025-08-31 18:56:17,569 - INFO - INSTANT KILL of WindowsTerminal.exe (PID: 20828)
2025-08-31 18:56:17,653 - INFO - Successfully FORCE-KILLED WindowsTerminal.exe (PID: 20828)
2025-08-31 18:56:17,657 - INFO - INSTANT KILL of conhost.exe (PID: 22864)
2025-08-31 18:56:17,668 - INFO - Successfully FORCE-KILLED conhost.exe (PID: 22864)
2025-08-31 18:56:17,668 - INFO - INSTANT KILL of cmd.exe (PID: 17544)
2025-08-31 18:56:17,682 - INFO - Successfully FORCE-KILLED cmd.exe (PID: 17544)
2025-08-31 18:56:17,682 - INFO - INSTANT KILL of python.exe (PID: 9568)
2025-08-31 18:57:05,625 - INFO - Threat Responder initialized
2025-08-31 18:57:26,482 - CRITICAL - THREAT RESPONSE INITIATED - Level: CRITICAL
2025-08-31 18:57:26,482 - CRITICAL - Threat Type: mass_modification
2025-08-31 18:57:26,482 - CRITICAL - Description: Mass file modification detected: 4 files modified in 2 seconds (potential encryption)
2025-08-31 18:57:26,482 - CRITICAL - Target PIDs: [15552, 15832, 8620, 1404, 19416, 13544, 2880, 21620, 19864]
2025-08-31 18:57:27,416 - CRITICAL - Attempting to terminate 9 suspicious processes
2025-08-31 18:57:27,416 - INFO - INSTANT KILL of conhost.exe (PID: 15552)
2025-08-31 18:57:27,426 - INFO - Successfully FORCE-KILLED conhost.exe (PID: 15552)
2025-08-31 18:57:27,426 - INFO - INSTANT KILL of conhost.exe (PID: 15832)
2025-08-31 18:57:27,441 - INFO - Successfully FORCE-KILLED conhost.exe (PID: 15832)
2025-08-31 18:57:27,441 - INFO - INSTANT KILL of python.exe (PID: 8620)
